<?xml version="1.0" encoding="UTF-8"?>
<!-- Generated by org.testng.reporters.JUnitReportReporter -->
<testsuite skipped="0" hostname="Horseland" name="com.hrm.qa.testcases.AddNewKPIPageTest" tests="6" failures="0" timestamp="2020-06-22T17:26:20 PDT" time="44.686" errors="0">
  <testcase name="verifyNewKPIPageUrl" time="6.077" classname="com.hrm.qa.testcases.AddNewKPIPageTest"/>
  <system-out/>
  <testcase name="createNewKPI" time="7.733" classname="com.hrm.qa.testcases.AddNewKPIPageTest"/>
  <system-out/>
  <testcase name="createNewKPI" time="7.613" classname="com.hrm.qa.testcases.AddNewKPIPageTest"/>
  <system-out/>
  <testcase name="createNewKPI" time="7.589" classname="com.hrm.qa.testcases.AddNewKPIPageTest"/>
  <system-out/>
  <testcase name="createNewKPI" time="7.664" classname="com.hrm.qa.testcases.AddNewKPIPageTest"/>
  <system-out/>
  <testcase name="createNewKPI" time="8.010" classname="com.hrm.qa.testcases.AddNewKPIPageTest"/>
  <system-out/>
</testsuite> <!-- com.hrm.qa.testcases.AddNewKPIPageTest -->
