<?xml version="1.0" encoding="UTF-8"?>
<!-- Generated by org.testng.reporters.JUnitReportReporter -->
<testsuite skipped="0" hostname="Horseland" name="com.hrm.qa.testcases.KPIPageTest" tests="6" failures="0" timestamp="2020-06-22T17:31:44 PDT" time="48.508" errors="0">
  <testcase name="verifyAddKPIPageUrl" time="4.168" classname="com.hrm.qa.testcases.KPIPageTest"/>
  <system-out/>
  <testcase name="verifyEditKPIAdded" time="9.239" classname="com.hrm.qa.testcases.KPIPageTest"/>
  <system-out/>
  <testcase name="verifyEditKPIAdded" time="8.731" classname="com.hrm.qa.testcases.KPIPageTest"/>
  <system-out/>
  <testcase name="verifyEditKPIAdded" time="8.742" classname="com.hrm.qa.testcases.KPIPageTest"/>
  <system-out/>
  <testcase name="verifyEditKPIAdded" time="8.768" classname="com.hrm.qa.testcases.KPIPageTest"/>
  <system-out/>
  <testcase name="verifyEditKPIAdded" time="8.860" classname="com.hrm.qa.testcases.KPIPageTest"/>
  <system-out/>
</testsuite> <!-- com.hrm.qa.testcases.KPIPageTest -->
