<?xml version="1.0" encoding="UTF-8"?>
<!-- Generated by org.testng.reporters.JUnitReportReporter -->
<testsuite skipped="7" hostname="Horseland" name="com.hrm.qa.testcases.DashboardPageTest" tests="8" failures="0" timestamp="2020-06-17T19:21:49 PDT" time="0.007" errors="1">
  <testcase name="setUp" time="0.007" classname="com.hrm.qa.testcases.DashboardPageTest">
    <error type="java.lang.StackOverflowError">
      <![CDATA[java.lang.StackOverflowError
at com.hrm.qa.testcases.DashboardPageTest.launchBrowser(DashboardPageTest.java:25)
at com.hrm.qa.testcases.DashboardPageTest.launchBrowser(DashboardPageTest.java:25)
at com.hrm.qa.testcases.DashboardPageTest.launchBrowser(DashboardPageTest.java:25)
at com.hrm.qa.testcases.DashboardPageTest.launchBrowser(DashboardPageTest.java:25)
at com.hrm.qa.testcases.DashboardPageTest.launchBrowser(DashboardPageTest.java:25)
at com.hrm.qa.testcases.DashboardPageTest.launchBrowser(DashboardPageTest.java:25)
at com.hrm.qa.testcases.DashboardPageTest.launchBrowser(DashboardPageTest.java:25)
at com.hrm.qa.testcases.DashboardPageTest.launchBrowser(DashboardPageTest.java:25)
at com.hrm.qa.testcases.DashboardPageTest.launchBrowser(DashboardPageTest.java:25)
at com.hrm.qa.testcases.DashboardPageTest.launchBrowser(DashboardPageTest.java:25)
at com.hrm.qa.testcases.DashboardPageTest.launchBrowser(DashboardPageTest.java:25)
at com.hrm.qa.testcases.DashboardPageTest.launchBrowser(DashboardPageTest.java:25)
at com.hrm.qa.testcases.DashboardPageTest.launchBrowser(DashboardPageTest.java:25)
at com.hrm.qa.testcases.DashboardPageTest.launchBrowser(DashboardPageTest.java:25)
at com.hrm.qa.testcases.DashboardPageTest.launchBrowser(DashboardPageTest.java:25)
at com.hrm.qa.testcases.DashboardPageTest.launchBrowser(DashboardPageTest.java:25)
at com.hrm.qa.testcases.DashboardPageTest.launchBrowser(DashboardPageTest.java:25)
at com.hrm.qa.testcases.DashboardPageTest.launchBrowser(DashboardPageTest.java:25)
at com.hrm.qa.testcases.DashboardPageTest.launchBrowser(DashboardPageTest.java:25)
at com.hrm.qa.testcases.DashboardPageTest.launchBrowser(DashboardPageTest.java:25)
at com.hrm.qa.testcases.DashboardPageTest.launchBrowser(DashboardPageTest.java:25)
at com.hrm.qa.testcases.DashboardPageTest.launchBrowser(DashboardPageTest.java:25)
at com.hrm.qa.testcases.DashboardPageTest.launchBrowser(DashboardPageTest.java:25)
at com.hrm.qa.testcases.DashboardPageTest.launchBrowser(DashboardPageTest.java:25)
at com.hrm.qa.testcases.DashboardPageTest.launchBrowser(DashboardPageTest.java:25)
at com.hrm.qa.testcases.DashboardPageTest.launchBrowser(DashboardPageTest.java:25)
at com.hrm.qa.testcases.DashboardPageTest.launchBrowser(DashboardPageTest.java:25)
at com.hrm.qa.testcases.DashboardPageTest.launchBrowser(DashboardPageTest.java:25)
at com.hrm.qa.testcases.DashboardPageTest.launchBrowser(DashboardPageTest.java:25)
at com.hrm.qa.testcases.DashboardPageTest.launchBrowser(DashboardPageTest.java:25)
at com.hrm.qa.testcases.DashboardPageTest.launchBrowser(DashboardPageTest.java:25)
at com.hrm.qa.testcases.DashboardPageTest.launchBrowser(DashboardPageTest.java:25)
at com.hrm.qa.testcases.DashboardPageTest.launchBrowser(DashboardPageTest.java:25)
at com.hrm.qa.testcases.DashboardPageTest.launchBrowser(DashboardPageTest.java:25)
at com.hrm.qa.testcases.DashboardPageTest.launchBrowser(DashboardPageTest.java:25)
at com.hrm.qa.testcases.DashboardPageTest.launchBrowser(DashboardPageTest.java:25)
at com.hrm.qa.testcases.DashboardPageTest.launchBrowser(DashboardPageTest.java:25)
at com.hrm.qa.testcases.DashboardPageTest.launchBrowser(DashboardPageTest.java:25)
at com.hrm.qa.testcases.DashboardPageTest.launchBrowser(DashboardPageTest.java:25)
at com.hrm.qa.testcases.DashboardPageTest.launchBrowser(DashboardPageTest.java:25)
at com.hrm.qa.testcases.DashboardPageTest.launchBrowser(DashboardPageTest.java:25)
at com.hrm.qa.testcases.DashboardPageTest.launchBrowser(DashboardPageTest.java:25)
at com.hrm.qa.testcases.DashboardPageTest.launchBrowser(DashboardPageTest.java:25)
at com.hrm.qa.testcases.DashboardPageTest.launchBrowser(DashboardPageTest.java:25)
at com.hrm.qa.testcases.DashboardPageTest.launchBrowser(DashboardPageTest.java:25)
at com.hrm.qa.testcases.DashboardPageTest.launchBrowser(DashboardPageTest.java:25)
at com.hrm.qa.testcases.DashboardPageTest.launchBrowser(DashboardPageTest.java:25)
at com.hrm.qa.testcases.DashboardPageTest.launchBrowser(DashboardPageTest.java:25)
at com.hrm.qa.testcases.DashboardPageTest.launchBrowser(DashboardPageTest.java:25)
at com.hrm.qa.testcases.DashboardPageTest.launchBrowser(DashboardPageTest.java:25)
at com.hrm.qa.testcases.DashboardPageTest.launchBrowser(DashboardPageTest.java:25)
at com.hrm.qa.testcases.DashboardPageTest.launchBrowser(DashboardPageTest.java:25)
at com.hrm.qa.testcases.DashboardPageTest.launchBrowser(DashboardPageTest.java:25)
at com.hrm.qa.testcases.DashboardPageTest.launchBrowser(DashboardPageTest.java:25)
at com.hrm.qa.testcases.DashboardPageTest.launchBrowser(DashboardPageTest.java:25)
at com.hrm.qa.testcases.DashboardPageTest.launchBrowser(DashboardPageTest.java:25)
at com.hrm.qa.testcases.DashboardPageTest.launchBrowser(DashboardPageTest.java:25)
at com.hrm.qa.testcases.DashboardPageTest.launchBrowser(DashboardPageTest.java:25)
at com.hrm.qa.testcases.DashboardPageTest.launchBrowser(DashboardPageTest.java:25)
at com.hrm.qa.testcases.DashboardPageTest.launchBrowser(DashboardPageTest.java:25)
at com.hrm.qa.testcases.DashboardPageTest.launchBrowser(DashboardPageTest.java:25)
at com.hrm.qa.testcases.DashboardPageTest.launchBrowser(DashboardPageTest.java:25)
at com.hrm.qa.testcases.DashboardPageTest.launchBrowser(DashboardPageTest.java:25)
at com.hrm.qa.testcases.DashboardPageTest.launchBrowser(DashboardPageTest.java:25)
at com.hrm.qa.testcases.DashboardPageTest.launchBrowser(DashboardPageTest.java:25)
at com.hrm.qa.testcases.DashboardPageTest.launchBrowser(DashboardPageTest.java:25)
at com.hrm.qa.testcases.DashboardPageTest.launchBrowser(DashboardPageTest.java:25)
at com.hrm.qa.testcases.DashboardPageTest.launchBrowser(DashboardPageTest.java:25)
at com.hrm.qa.testcases.DashboardPageTest.launchBrowser(DashboardPageTest.java:25)
at com.hrm.qa.testcases.DashboardPageTest.launchBrowser(DashboardPageTest.java:25)
at com.hrm.qa.testcases.DashboardPageTest.launchBrowser(DashboardPageTest.java:25)
at com.hrm.qa.testcases.DashboardPageTest.launchBrowser(DashboardPageTest.java:25)
at com.hrm.qa.testcases.DashboardPageTest.launchBrowser(DashboardPageTest.java:25)
at com.hrm.qa.testcases.DashboardPageTest.launchBrowser(DashboardPageTest.java:25)
at com.hrm.qa.testcases.DashboardPageTest.launchBrowser(DashboardPageTest.java:25)
at com.hrm.qa.testcases.DashboardPageTest.launchBrowser(DashboardPageTest.java:25)
at com.hrm.qa.testcases.DashboardPageTest.launchBrowser(DashboardPageTest.java:25)
at com.hrm.qa.testcases.DashboardPageTest.launchBrowser(DashboardPageTest.java:25)
at com.hrm.qa.testcases.DashboardPageTest.launchBrowser(DashboardPageTest.java:25)
at com.hrm.qa.testcases.DashboardPageTest.launchBrowser(DashboardPageTest.java:25)
at com.hrm.qa.testcases.DashboardPageTest.launchBrowser(DashboardPageTest.java:25)
at com.hrm.qa.testcases.DashboardPageTest.launchBrowser(DashboardPageTest.java:25)
at com.hrm.qa.testcases.DashboardPageTest.launchBrowser(DashboardPageTest.java:25)
at com.hrm.qa.testcases.DashboardPageTest.launchBrowser(DashboardPageTest.java:25)
at com.hrm.qa.testcases.DashboardPageTest.launchBrowser(DashboardPageTest.java:25)
at com.hrm.qa.testcases.DashboardPageTest.launchBrowser(DashboardPageTest.java:25)
at com.hrm.qa.testcases.DashboardPageTest.launchBrowser(DashboardPageTest.java:25)
at com.hrm.qa.testcases.DashboardPageTest.launchBrowser(DashboardPageTest.java:25)
at com.hrm.qa.testcases.DashboardPageTest.launchBrowser(DashboardPageTest.java:25)
at com.hrm.qa.testcases.DashboardPageTest.launchBrowser(DashboardPageTest.java:25)
at com.hrm.qa.testcases.DashboardPageTest.launchBrowser(DashboardPageTest.java:25)
at com.hrm.qa.testcases.DashboardPageTest.launchBrowser(DashboardPageTest.java:25)
at com.hrm.qa.testcases.DashboardPageTest.launchBrowser(DashboardPageTest.java:25)
at com.hrm.qa.testcases.DashboardPageTest.launchBrowser(DashboardPageTest.java:25)
at com.hrm.qa.testcases.DashboardPageTest.launchBrowser(DashboardPageTest.java:25)
at com.hrm.qa.testcases.DashboardPageTest.launchBrowser(DashboardPageTest.java:25)
at com.hrm.qa.testcases.DashboardPageTest.launchBrowser(DashboardPageTest.java:25)
at com.hrm.qa.testcases.DashboardPageTest.launchBrowser(DashboardPageTest.java:25)
at com.hrm.qa.testcases.DashboardPageTest.launchBrowser(DashboardPageTest.java:25)
at com.hrm.qa.testcases.DashboardPageTest.launchBrowser(DashboardPageTest.java:25)
at com.hrm.qa.testcases.DashboardPageTest.launchBrowser(DashboardPageTest.java:25)
at com.hrm.qa.testcases.DashboardPageTest.launchBrowser(DashboardPageTest.java:25)
at com.hrm.qa.testcases.DashboardPageTest.launchBrowser(DashboardPageTest.java:25)
at com.hrm.qa.testcases.DashboardPageTest.launchBrowser(DashboardPageTest.java:25)
at com.hrm.qa.testcases.DashboardPageTest.launchBrowser(DashboardPageTest.java:25)
at com.hrm.qa.testcases.DashboardPageTest.launchBrowser(DashboardPageTest.java:25)
at com.hrm.qa.testcases.DashboardPageTest.launchBrowser(DashboardPageTest.java:25)
at com.hrm.qa.testcases.DashboardPageTest.launchBrowser(DashboardPageTest.java:25)
at com.hrm.qa.testcases.DashboardPageTest.launchBrowser(DashboardPageTest.java:25)
at com.hrm.qa.testcases.DashboardPageTest.launchBrowser(DashboardPageTest.java:25)
at com.hrm.qa.testcases.DashboardPageTest.launchBrowser(DashboardPageTest.java:25)
at com.hrm.qa.testcases.DashboardPageTest.launchBrowser(DashboardPageTest.java:25)
at com.hrm.qa.testcases.DashboardPageTest.launchBrowser(DashboardPageTest.java:25)
at com.hrm.qa.testcases.DashboardPageTest.launchBrowser(DashboardPageTest.java:25)
at com.hrm.qa.testcases.DashboardPageTest.launchBrowser(DashboardPageTest.java:25)
at com.hrm.qa.testcases.DashboardPageTest.launchBrowser(DashboardPageTest.java:25)
at com.hrm.qa.testcases.DashboardPageTest.launchBrowser(DashboardPageTest.java:25)
at com.hrm.qa.testcases.DashboardPageTest.launchBrowser(DashboardPageTest.java:25)
at com.hrm.qa.testcases.DashboardPageTest.launchBrowser(DashboardPageTest.java:25)
at com.hrm.qa.testcases.DashboardPageTest.launchBrowser(DashboardPageTest.java:25)
at com.hrm.qa.testcases.DashboardPageTest.launchBrowser(DashboardPageTest.java:25)
at com.hrm.qa.testcases.DashboardPageTest.launchBrowser(DashboardPageTest.java:25)
at com.hrm.qa.testcases.DashboardPageTest.launchBrowser(DashboardPageTest.java:25)
at com.hrm.qa.testcases.DashboardPageTest.launchBrowser(DashboardPageTest.java:25)
at com.hrm.qa.testcases.DashboardPageTest.launchBrowser(DashboardPageTest.java:25)
at com.hrm.qa.testcases.DashboardPageTest.launchBrowser(DashboardPageTest.java:25)
at com.hrm.qa.testcases.DashboardPageTest.launchBrowser(DashboardPageTest.java:25)
at com.hrm.qa.testcases.DashboardPageTest.launchBrowser(DashboardPageTest.java:25)
at com.hrm.qa.testcases.DashboardPageTest.launchBrowser(DashboardPageTest.java:25)
at com.hrm.qa.testcases.DashboardPageTest.launchBrowser(DashboardPageTest.java:25)
at com.hrm.qa.testcases.DashboardPageTest.launchBrowser(DashboardPageTest.java:25)
at com.hrm.qa.testcases.DashboardPageTest.launchBrowser(DashboardPageTest.java:25)
at com.hrm.qa.testcases.DashboardPageTest.launchBrowser(DashboardPageTest.java:25)
at com.hrm.qa.testcases.DashboardPageTest.launchBrowser(DashboardPageTest.java:25)
at com.hrm.qa.testcases.DashboardPageTest.launchBrowser(DashboardPageTest.java:25)
at com.hrm.qa.testcases.DashboardPageTest.launchBrowser(DashboardPageTest.java:25)
at com.hrm.qa.testcases.DashboardPageTest.launchBrowser(DashboardPageTest.java:25)
at com.hrm.qa.testcases.DashboardPageTest.launchBrowser(DashboardPageTest.java:25)
at com.hrm.qa.testcases.DashboardPageTest.launchBrowser(DashboardPageTest.java:25)
at com.hrm.qa.testcases.DashboardPageTest.launchBrowser(DashboardPageTest.java:25)
at com.hrm.qa.testcases.DashboardPageTest.launchBrowser(DashboardPageTest.java:25)
at com.hrm.qa.testcases.DashboardPageTest.launchBrowser(DashboardPageTest.java:25)
at com.hrm.qa.testcases.DashboardPageTest.launchBrowser(DashboardPageTest.java:25)
at com.hrm.qa.testcases.DashboardPageTest.launchBrowser(DashboardPageTest.java:25)
at com.hrm.qa.testcases.DashboardPageTest.launchBrowser(DashboardPageTest.java:25)
at com.hrm.qa.testcases.DashboardPageTest.launchBrowser(DashboardPageTest.java:25)
at com.hrm.qa.testcases.DashboardPageTest.launchBrowser(DashboardPageTest.java:25)
at com.hrm.qa.testcases.DashboardPageTest.launchBrowser(DashboardPageTest.java:25)
at com.hrm.qa.testcases.DashboardPageTest.launchBrowser(DashboardPageTest.java:25)
at com.hrm.qa.testcases.DashboardPageTest.launchBrowser(DashboardPageTest.java:25)
at com.hrm.qa.testcases.DashboardPageTest.launchBrowser(DashboardPageTest.java:25)
at com.hrm.qa.testcases.DashboardPageTest.launchBrowser(DashboardPageTest.java:25)
at com.hrm.qa.testcases.DashboardPageTest.launchBrowser(DashboardPageTest.java:25)
at com.hrm.qa.testcases.DashboardPageTest.launchBrowser(DashboardPageTest.java:25)
at com.hrm.qa.testcases.DashboardPageTest.launchBrowser(DashboardPageTest.java:25)
at com.hrm.qa.testcases.DashboardPageTest.launchBrowser(DashboardPageTest.java:25)
at com.hrm.qa.testcases.DashboardPageTest.launchBrowser(DashboardPageTest.java:25)
at com.hrm.qa.testcases.DashboardPageTest.launchBrowser(DashboardPageTest.java:25)
at com.hrm.qa.testcases.DashboardPageTest.launchBrowser(DashboardPageTest.java:25)
at com.hrm.qa.testcases.DashboardPageTest.launchBrowser(DashboardPageTest.java:25)
at com.hrm.qa.testcases.DashboardPageTest.launchBrowser(DashboardPageTest.java:25)
at com.hrm.qa.testcases.DashboardPageTest.launchBrowser(DashboardPageTest.java:25)
at com.hrm.qa.testcases.DashboardPageTest.launchBrowser(DashboardPageTest.java:25)
at com.hrm.qa.testcases.DashboardPageTest.launchBrowser(DashboardPageTest.java:25)
at com.hrm.qa.testcases.DashboardPageTest.launchBrowser(DashboardPageTest.java:25)
at com.hrm.qa.testcases.DashboardPageTest.launchBrowser(DashboardPageTest.java:25)
at com.hrm.qa.testcases.DashboardPageTest.launchBrowser(DashboardPageTest.java:25)
at com.hrm.qa.testcases.DashboardPageTest.launchBrowser(DashboardPageTest.java:25)
at com.hrm.qa.testcases.DashboardPageTest.launchBrowser(DashboardPageTest.java:25)
at com.hrm.qa.testcases.DashboardPageTest.launchBrowser(DashboardPageTest.java:25)
at com.hrm.qa.testcases.DashboardPageTest.launchBrowser(DashboardPageTest.java:25)
at com.hrm.qa.testcases.DashboardPageTest.launchBrowser(DashboardPageTest.java:25)
at com.hrm.qa.testcases.DashboardPageTest.launchBrowser(DashboardPageTest.java:25)
at com.hrm.qa.testcases.DashboardPageTest.launchBrowser(DashboardPageTest.java:25)
at com.hrm.qa.testcases.DashboardPageTest.launchBrowser(DashboardPageTest.java:25)
at com.hrm.qa.testcases.DashboardPageTest.launchBrowser(DashboardPageTest.java:25)
at com.hrm.qa.testcases.DashboardPageTest.launchBrowser(DashboardPageTest.java:25)
at com.hrm.qa.testcases.DashboardPageTest.launchBrowser(DashboardPageTest.java:25)
at com.hrm.qa.testcases.DashboardPageTest.launchBrowser(DashboardPageTest.java:25)
at com.hrm.qa.testcases.DashboardPageTest.launchBrowser(DashboardPageTest.java:25)
at com.hrm.qa.testcases.DashboardPageTest.launchBrowser(DashboardPageTest.java:25)
at com.hrm.qa.testcases.DashboardPageTest.launchBrowser(DashboardPageTest.java:25)
at com.hrm.qa.testcases.DashboardPageTest.launchBrowser(DashboardPageTest.java:25)
at com.hrm.qa.testcases.DashboardPageTest.launchBrowser(DashboardPageTest.java:25)
at com.hrm.qa.testcases.DashboardPageTest.launchBrowser(DashboardPageTest.java:25)
at com.hrm.qa.testcases.DashboardPageTest.launchBrowser(DashboardPageTest.java:25)
at com.hrm.qa.testcases.DashboardPageTest.launchBrowser(DashboardPageTest.java:25)
at com.hrm.qa.testcases.DashboardPageTest.launchBrowser(DashboardPageTest.java:25)
at com.hrm.qa.testcases.DashboardPageTest.launchBrowser(DashboardPageTest.java:25)
at com.hrm.qa.testcases.DashboardPageTest.launchBrowser(DashboardPageTest.java:25)
at com.hrm.qa.testcases.DashboardPageTest.launchBrowser(DashboardPageTest.java:25)
at com.hrm.qa.testcases.DashboardPageTest.launchBrowser(DashboardPageTest.java:25)
at com.hrm.qa.testcases.DashboardPageTest.launchBrowser(DashboardPageTest.java:25)
at com.hrm.qa.testcases.DashboardPageTest.launchBrowser(DashboardPageTest.java:25)
at com.hrm.qa.testcases.DashboardPageTest.launchBrowser(DashboardPageTest.java:25)
at com.hrm.qa.testcases.DashboardPageTest.launchBrowser(DashboardPageTest.java:25)
at com.hrm.qa.testcases.DashboardPageTest.launchBrowser(DashboardPageTest.java:25)
at com.hrm.qa.testcases.DashboardPageTest.launchBrowser(DashboardPageTest.java:25)
at com.hrm.qa.testcases.DashboardPageTest.launchBrowser(DashboardPageTest.java:25)
at com.hrm.qa.testcases.DashboardPageTest.launchBrowser(DashboardPageTest.java:25)
at com.hrm.qa.testcases.DashboardPageTest.launchBrowser(DashboardPageTest.java:25)
at com.hrm.qa.testcases.DashboardPageTest.launchBrowser(DashboardPageTest.java:25)
at com.hrm.qa.testcases.DashboardPageTest.launchBrowser(DashboardPageTest.java:25)
at com.hrm.qa.testcases.DashboardPageTest.launchBrowser(DashboardPageTest.java:25)
at com.hrm.qa.testcases.DashboardPageTest.launchBrowser(DashboardPageTest.java:25)
at com.hrm.qa.testcases.DashboardPageTest.launchBrowser(DashboardPageTest.java:25)
at com.hrm.qa.testcases.DashboardPageTest.launchBrowser(DashboardPageTest.java:25)
at com.hrm.qa.testcases.DashboardPageTest.launchBrowser(DashboardPageTest.java:25)
at com.hrm.qa.testcases.DashboardPageTest.launchBrowser(DashboardPageTest.java:25)
at com.hrm.qa.testcases.DashboardPageTest.launchBrowser(DashboardPageTest.java:25)
at com.hrm.qa.testcases.DashboardPageTest.launchBrowser(DashboardPageTest.java:25)
at com.hrm.qa.testcases.DashboardPageTest.launchBrowser(DashboardPageTest.java:25)
at com.hrm.qa.testcases.DashboardPageTest.launchBrowser(DashboardPageTest.java:25)
at com.hrm.qa.testcases.DashboardPageTest.launchBrowser(DashboardPageTest.java:25)
at com.hrm.qa.testcases.DashboardPageTest.launchBrowser(DashboardPageTest.java:25)
at com.hrm.qa.testcases.DashboardPageTest.launchBrowser(DashboardPageTest.java:25)
at com.hrm.qa.testcases.DashboardPageTest.launchBrowser(DashboardPageTest.java:25)
at com.hrm.qa.testcases.DashboardPageTest.launchBrowser(DashboardPageTest.java:25)
at com.hrm.qa.testcases.DashboardPageTest.launchBrowser(DashboardPageTest.java:25)
at com.hrm.qa.testcases.DashboardPageTest.launchBrowser(DashboardPageTest.java:25)
at com.hrm.qa.testcases.DashboardPageTest.launchBrowser(DashboardPageTest.java:25)
at com.hrm.qa.testcases.DashboardPageTest.launchBrowser(DashboardPageTest.java:25)
at com.hrm.qa.testcases.DashboardPageTest.launchBrowser(DashboardPageTest.java:25)
at com.hrm.qa.testcases.DashboardPageTest.launchBrowser(DashboardPageTest.java:25)
at com.hrm.qa.testcases.DashboardPageTest.launchBrowser(DashboardPageTest.java:25)
at com.hrm.qa.testcases.DashboardPageTest.launchBrowser(DashboardPageTest.java:25)
at com.hrm.qa.testcases.DashboardPageTest.launchBrowser(DashboardPageTest.java:25)
at com.hrm.qa.testcases.DashboardPageTest.launchBrowser(DashboardPageTest.java:25)
at com.hrm.qa.testcases.DashboardPageTest.launchBrowser(DashboardPageTest.java:25)
at com.hrm.qa.testcases.DashboardPageTest.launchBrowser(DashboardPageTest.java:25)
at com.hrm.qa.testcases.DashboardPageTest.launchBrowser(DashboardPageTest.java:25)
at com.hrm.qa.testcases.DashboardPageTest.launchBrowser(DashboardPageTest.java:25)
at com.hrm.qa.testcases.DashboardPageTest.launchBrowser(DashboardPageTest.java:25)
at com.hrm.qa.testcases.DashboardPageTest.launchBrowser(DashboardPageTest.java:25)
at com.hrm.qa.testcases.DashboardPageTest.launchBrowser(DashboardPageTest.java:25)
at com.hrm.qa.testcases.DashboardPageTest.launchBrowser(DashboardPageTest.java:25)
at com.hrm.qa.testcases.DashboardPageTest.launchBrowser(DashboardPageTest.java:25)
at com.hrm.qa.testcases.DashboardPageTest.launchBrowser(DashboardPageTest.java:25)
at com.hrm.qa.testcases.DashboardPageTest.launchBrowser(DashboardPageTest.java:25)
at com.hrm.qa.testcases.DashboardPageTest.launchBrowser(DashboardPageTest.java:25)
at com.hrm.qa.testcases.DashboardPageTest.launchBrowser(DashboardPageTest.java:25)
at com.hrm.qa.testcases.DashboardPageTest.launchBrowser(DashboardPageTest.java:25)
at com.hrm.qa.testcases.DashboardPageTest.launchBrowser(DashboardPageTest.java:25)
at com.hrm.qa.testcases.DashboardPageTest.launchBrowser(DashboardPageTest.java:25)
at com.hrm.qa.testcases.DashboardPageTest.launchBrowser(DashboardPageTest.java:25)
at com.hrm.qa.testcases.DashboardPageTest.launchBrowser(DashboardPageTest.java:25)
at com.hrm.qa.testcases.DashboardPageTest.launchBrowser(DashboardPageTest.java:25)
at com.hrm.qa.testcases.DashboardPageTest.launchBrowser(DashboardPageTest.java:25)
at com.hrm.qa.testcases.DashboardPageTest.launchBrowser(DashboardPageTest.java:25)
at com.hrm.qa.testcases.DashboardPageTest.launchBrowser(DashboardPageTest.java:25)
at com.hrm.qa.testcases.DashboardPageTest.launchBrowser(DashboardPageTest.java:25)
at com.hrm.qa.testcases.DashboardPageTest.launchBrowser(DashboardPageTest.java:25)
at com.hrm.qa.testcases.DashboardPageTest.launchBrowser(DashboardPageTest.java:25)
at com.hrm.qa.testcases.DashboardPageTest.launchBrowser(DashboardPageTest.java:25)
at com.hrm.qa.testcases.DashboardPageTest.launchBrowser(DashboardPageTest.java:25)
at com.hrm.qa.testcases.DashboardPageTest.launchBrowser(DashboardPageTest.java:25)
at com.hrm.qa.testcases.DashboardPageTest.launchBrowser(DashboardPageTest.java:25)
at com.hrm.qa.testcases.DashboardPageTest.launchBrowser(DashboardPageTest.java:25)
at com.hrm.qa.testcases.DashboardPageTest.launchBrowser(DashboardPageTest.java:25)
at com.hrm.qa.testcases.DashboardPageTest.launchBrowser(DashboardPageTest.java:25)
at com.hrm.qa.testcases.DashboardPageTest.launchBrowser(DashboardPageTest.java:25)
at com.hrm.qa.testcases.DashboardPageTest.launchBrowser(DashboardPageTest.java:25)
at com.hrm.qa.testcases.DashboardPageTest.launchBrowser(DashboardPageTest.java:25)
at com.hrm.qa.testcases.DashboardPageTest.launchBrowser(DashboardPageTest.java:25)
at com.hrm.qa.testcases.DashboardPageTest.launchBrowser(DashboardPageTest.java:25)
at com.hrm.qa.testcases.DashboardPageTest.launchBrowser(DashboardPageTest.java:25)
at com.hrm.qa.testcases.DashboardPageTest.launchBrowser(DashboardPageTest.java:25)
at com.hrm.qa.testcases.DashboardPageTest.launchBrowser(DashboardPageTest.java:25)
at com.hrm.qa.testcases.DashboardPageTest.launchBrowser(DashboardPageTest.java:25)
at com.hrm.qa.testcases.DashboardPageTest.launchBrowser(DashboardPageTest.java:25)
at com.hrm.qa.testcases.DashboardPageTest.launchBrowser(DashboardPageTest.java:25)
at com.hrm.qa.testcases.DashboardPageTest.launchBrowser(DashboardPageTest.java:25)
at com.hrm.qa.testcases.DashboardPageTest.launchBrowser(DashboardPageTest.java:25)
at com.hrm.qa.testcases.DashboardPageTest.launchBrowser(DashboardPageTest.java:25)
at com.hrm.qa.testcases.DashboardPageTest.launchBrowser(DashboardPageTest.java:25)
at com.hrm.qa.testcases.DashboardPageTest.launchBrowser(DashboardPageTest.java:25)
at com.hrm.qa.testcases.DashboardPageTest.launchBrowser(DashboardPageTest.java:25)
at com.hrm.qa.testcases.DashboardPageTest.launchBrowser(DashboardPageTest.java:25)
at com.hrm.qa.testcases.DashboardPageTest.launchBrowser(DashboardPageTest.java:25)
at com.hrm.qa.testcases.DashboardPageTest.launchBrowser(DashboardPageTest.java:25)
at com.hrm.qa.testcases.DashboardPageTest.launchBrowser(DashboardPageTest.java:25)
at com.hrm.qa.testcases.DashboardPageTest.launchBrowser(DashboardPageTest.java:25)
at com.hrm.qa.testcases.DashboardPageTest.launchBrowser(DashboardPageTest.java:25)
at com.hrm.qa.testcases.DashboardPageTest.launchBrowser(DashboardPageTest.java:25)
at com.hrm.qa.testcases.DashboardPageTest.launchBrowser(DashboardPageTest.java:25)
at com.hrm.qa.testcases.DashboardPageTest.launchBrowser(DashboardPageTest.java:25)
at com.hrm.qa.testcases.DashboardPageTest.launchBrowser(DashboardPageTest.java:25)
at com.hrm.qa.testcases.DashboardPageTest.launchBrowser(DashboardPageTest.java:25)
at com.hrm.qa.testcases.DashboardPageTest.launchBrowser(DashboardPageTest.java:25)
at com.hrm.qa.testcases.DashboardPageTest.launchBrowser(DashboardPageTest.java:25)
at com.hrm.qa.testcases.DashboardPageTest.launchBrowser(DashboardPageTest.java:25)
at com.hrm.qa.testcases.DashboardPageTest.launchBrowser(DashboardPageTest.java:25)
at com.hrm.qa.testcases.DashboardPageTest.launchBrowser(DashboardPageTest.java:25)
at com.hrm.qa.testcases.DashboardPageTest.launchBrowser(DashboardPageTest.java:25)
at com.hrm.qa.testcases.DashboardPageTest.launchBrowser(DashboardPageTest.java:25)
at com.hrm.qa.testcases.DashboardPageTest.launchBrowser(DashboardPageTest.java:25)
at com.hrm.qa.testcases.DashboardPageTest.launchBrowser(DashboardPageTest.java:25)
at com.hrm.qa.testcases.DashboardPageTest.launchBrowser(DashboardPageTest.java:25)
at com.hrm.qa.testcases.DashboardPageTest.launchBrowser(DashboardPageTest.java:25)
at com.hrm.qa.testcases.DashboardPageTest.launchBrowser(DashboardPageTest.java:25)
at com.hrm.qa.testcases.DashboardPageTest.launchBrowser(DashboardPageTest.java:25)
at com.hrm.qa.testcases.DashboardPageTest.launchBrowser(DashboardPageTest.java:25)
at com.hrm.qa.testcases.DashboardPageTest.launchBrowser(DashboardPageTest.java:25)
at com.hrm.qa.testcases.DashboardPageTest.launchBrowser(DashboardPageTest.java:25)
at com.hrm.qa.testcases.DashboardPageTest.launchBrowser(DashboardPageTest.java:25)
at com.hrm.qa.testcases.DashboardPageTest.launchBrowser(DashboardPageTest.java:25)
at com.hrm.qa.testcases.DashboardPageTest.launchBrowser(DashboardPageTest.java:25)
at com.hrm.qa.testcases.DashboardPageTest.launchBrowser(DashboardPageTest.java:25)
at com.hrm.qa.testcases.DashboardPageTest.launchBrowser(DashboardPageTest.java:25)
at com.hrm.qa.testcases.DashboardPageTest.launchBrowser(DashboardPageTest.java:25)
at com.hrm.qa.testcases.DashboardPageTest.launchBrowser(DashboardPageTest.java:25)
at com.hrm.qa.testcases.DashboardPageTest.launchBrowser(DashboardPageTest.java:25)
at com.hrm.qa.testcases.DashboardPageTest.launchBrowser(DashboardPageTest.java:25)
at com.hrm.qa.testcases.DashboardPageTest.launchBrowser(DashboardPageTest.java:25)
at com.hrm.qa.testcases.DashboardPageTest.launchBrowser(DashboardPageTest.java:25)
at com.hrm.qa.testcases.DashboardPageTest.launchBrowser(DashboardPageTest.java:25)
at com.hrm.qa.testcases.DashboardPageTest.launchBrowser(DashboardPageTest.java:25)
at com.hrm.qa.testcases.DashboardPageTest.launchBrowser(DashboardPageTest.java:25)
at com.hrm.qa.testcases.DashboardPageTest.launchBrowser(DashboardPageTest.java:25)
at com.hrm.qa.testcases.DashboardPageTest.launchBrowser(DashboardPageTest.java:25)
at com.hrm.qa.testcases.DashboardPageTest.launchBrowser(DashboardPageTest.java:25)
at com.hrm.qa.testcases.DashboardPageTest.launchBrowser(DashboardPageTest.java:25)
at com.hrm.qa.testcases.DashboardPageTest.launchBrowser(DashboardPageTest.java:25)
at com.hrm.qa.testcases.DashboardPageTest.launchBrowser(DashboardPageTest.java:25)
at com.hrm.qa.testcases.DashboardPageTest.launchBrowser(DashboardPageTest.java:25)
at com.hrm.qa.testcases.DashboardPageTest.launchBrowser(DashboardPageTest.java:25)
at com.hrm.qa.testcases.DashboardPageTest.launchBrowser(DashboardPageTest.java:25)
at com.hrm.qa.testcases.DashboardPageTest.launchBrowser(DashboardPageTest.java:25)
at com.hrm.qa.testcases.DashboardPageTest.launchBrowser(DashboardPageTest.java:25)
at com.hrm.qa.testcases.DashboardPageTest.launchBrowser(DashboardPageTest.java:25)
at com.hrm.qa.testcases.DashboardPageTest.launchBrowser(DashboardPageTest.java:25)
at com.hrm.qa.testcases.DashboardPageTest.launchBrowser(DashboardPageTest.java:25)
at com.hrm.qa.testcases.DashboardPageTest.launchBrowser(DashboardPageTest.java:25)
at com.hrm.qa.testcases.DashboardPageTest.launchBrowser(DashboardPageTest.java:25)
at com.hrm.qa.testcases.DashboardPageTest.launchBrowser(DashboardPageTest.java:25)
at com.hrm.qa.testcases.DashboardPageTest.launchBrowser(DashboardPageTest.java:25)
at com.hrm.qa.testcases.DashboardPageTest.launchBrowser(DashboardPageTest.java:25)
at com.hrm.qa.testcases.DashboardPageTest.launchBrowser(DashboardPageTest.java:25)
at com.hrm.qa.testcases.DashboardPageTest.launchBrowser(DashboardPageTest.java:25)
at com.hrm.qa.testcases.DashboardPageTest.launchBrowser(DashboardPageTest.java:25)
at com.hrm.qa.testcases.DashboardPageTest.launchBrowser(DashboardPageTest.java:25)
at com.hrm.qa.testcases.DashboardPageTest.launchBrowser(DashboardPageTest.java:25)
at com.hrm.qa.testcases.DashboardPageTest.launchBrowser(DashboardPageTest.java:25)
at com.hrm.qa.testcases.DashboardPageTest.launchBrowser(DashboardPageTest.java:25)
at com.hrm.qa.testcases.DashboardPageTest.launchBrowser(DashboardPageTest.java:25)
at com.hrm.qa.testcases.DashboardPageTest.launchBrowser(DashboardPageTest.java:25)
at com.hrm.qa.testcases.DashboardPageTest.launchBrowser(DashboardPageTest.java:25)
at com.hrm.qa.testcases.DashboardPageTest.launchBrowser(DashboardPageTest.java:25)
at com.hrm.qa.testcases.DashboardPageTest.launchBrowser(DashboardPageTest.java:25)
at com.hrm.qa.testcases.DashboardPageTest.launchBrowser(DashboardPageTest.java:25)
at com.hrm.qa.testcases.DashboardPageTest.launchBrowser(DashboardPageTest.java:25)
at com.hrm.qa.testcases.DashboardPageTest.launchBrowser(DashboardPageTest.java:25)
at com.hrm.qa.testcases.DashboardPageTest.launchBrowser(DashboardPageTest.java:25)
at com.hrm.qa.testcases.DashboardPageTest.launchBrowser(DashboardPageTest.java:25)
at com.hrm.qa.testcases.DashboardPageTest.launchBrowser(DashboardPageTest.java:25)
at com.hrm.qa.testcases.DashboardPageTest.launchBrowser(DashboardPageTest.java:25)
at com.hrm.qa.testcases.DashboardPageTest.launchBrowser(DashboardPageTest.java:25)
at com.hrm.qa.testcases.DashboardPageTest.launchBrowser(DashboardPageTest.java:25)
at com.hrm.qa.testcases.DashboardPageTest.launchBrowser(DashboardPageTest.java:25)
at com.hrm.qa.testcases.DashboardPageTest.launchBrowser(DashboardPageTest.java:25)
at com.hrm.qa.testcases.DashboardPageTest.launchBrowser(DashboardPageTest.java:25)
at com.hrm.qa.testcases.DashboardPageTest.launchBrowser(DashboardPageTest.java:25)
at com.hrm.qa.testcases.DashboardPageTest.launchBrowser(DashboardPageTest.java:25)
at com.hrm.qa.testcases.DashboardPageTest.launchBrowser(DashboardPageTest.java:25)
at com.hrm.qa.testcases.DashboardPageTest.launchBrowser(DashboardPageTest.java:25)
at com.hrm.qa.testcases.DashboardPageTest.launchBrowser(DashboardPageTest.java:25)
at com.hrm.qa.testcases.DashboardPageTest.launchBrowser(DashboardPageTest.java:25)
at com.hrm.qa.testcases.DashboardPageTest.launchBrowser(DashboardPageTest.java:25)
at com.hrm.qa.testcases.DashboardPageTest.launchBrowser(DashboardPageTest.java:25)
at com.hrm.qa.testcases.DashboardPageTest.launchBrowser(DashboardPageTest.java:25)
at com.hrm.qa.testcases.DashboardPageTest.launchBrowser(DashboardPageTest.java:25)
at com.hrm.qa.testcases.DashboardPageTest.launchBrowser(DashboardPageTest.java:25)
at com.hrm.qa.testcases.DashboardPageTest.launchBrowser(DashboardPageTest.java:25)
at com.hrm.qa.testcases.DashboardPageTest.launchBrowser(DashboardPageTest.java:25)
at com.hrm.qa.testcases.DashboardPageTest.launchBrowser(DashboardPageTest.java:25)
at com.hrm.qa.testcases.DashboardPageTest.launchBrowser(DashboardPageTest.java:25)
at com.hrm.qa.testcases.DashboardPageTest.launchBrowser(DashboardPageTest.java:25)
at com.hrm.qa.testcases.DashboardPageTest.launchBrowser(DashboardPageTest.java:25)
at com.hrm.qa.testcases.DashboardPageTest.launchBrowser(DashboardPageTest.java:25)
at com.hrm.qa.testcases.DashboardPageTest.launchBrowser(DashboardPageTest.java:25)
at com.hrm.qa.testcases.DashboardPageTest.launchBrowser(DashboardPageTest.java:25)
at com.hrm.qa.testcases.DashboardPageTest.launchBrowser(DashboardPageTest.java:25)
at com.hrm.qa.testcases.DashboardPageTest.launchBrowser(DashboardPageTest.java:25)
at com.hrm.qa.testcases.DashboardPageTest.launchBrowser(DashboardPageTest.java:25)
at com.hrm.qa.testcases.DashboardPageTest.launchBrowser(DashboardPageTest.java:25)
at com.hrm.qa.testcases.DashboardPageTest.launchBrowser(DashboardPageTest.java:25)
at com.hrm.qa.testcases.DashboardPageTest.launchBrowser(DashboardPageTest.java:25)
at com.hrm.qa.testcases.DashboardPageTest.launchBrowser(DashboardPageTest.java:25)
at com.hrm.qa.testcases.DashboardPageTest.launchBrowser(DashboardPageTest.java:25)
at com.hrm.qa.testcases.DashboardPageTest.launchBrowser(DashboardPageTest.java:25)
at com.hrm.qa.testcases.DashboardPageTest.launchBrowser(DashboardPageTest.java:25)
at com.hrm.qa.testcases.DashboardPageTest.launchBrowser(DashboardPageTest.java:25)
at com.hrm.qa.testcases.DashboardPageTest.launchBrowser(DashboardPageTest.java:25)
at com.hrm.qa.testcases.DashboardPageTest.launchBrowser(DashboardPageTest.java:25)
at com.hrm.qa.testcases.DashboardPageTest.launchBrowser(DashboardPageTest.java:25)
at com.hrm.qa.testcases.DashboardPageTest.launchBrowser(DashboardPageTest.java:25)
at com.hrm.qa.testcases.DashboardPageTest.launchBrowser(DashboardPageTest.java:25)
at com.hrm.qa.testcases.DashboardPageTest.launchBrowser(DashboardPageTest.java:25)
at com.hrm.qa.testcases.DashboardPageTest.launchBrowser(DashboardPageTest.java:25)
at com.hrm.qa.testcases.DashboardPageTest.launchBrowser(DashboardPageTest.java:25)
at com.hrm.qa.testcases.DashboardPageTest.launchBrowser(DashboardPageTest.java:25)
at com.hrm.qa.testcases.DashboardPageTest.launchBrowser(DashboardPageTest.java:25)
at com.hrm.qa.testcases.DashboardPageTest.launchBrowser(DashboardPageTest.java:25)
at com.hrm.qa.testcases.DashboardPageTest.launchBrowser(DashboardPageTest.java:25)
at com.hrm.qa.testcases.DashboardPageTest.launchBrowser(DashboardPageTest.java:25)
at com.hrm.qa.testcases.DashboardPageTest.launchBrowser(DashboardPageTest.java:25)
at com.hrm.qa.testcases.DashboardPageTest.launchBrowser(DashboardPageTest.java:25)
at com.hrm.qa.testcases.DashboardPageTest.launchBrowser(DashboardPageTest.java:25)
at com.hrm.qa.testcases.DashboardPageTest.launchBrowser(DashboardPageTest.java:25)
at com.hrm.qa.testcases.DashboardPageTest.launchBrowser(DashboardPageTest.java:25)
at com.hrm.qa.testcases.DashboardPageTest.launchBrowser(DashboardPageTest.java:25)
at com.hrm.qa.testcases.DashboardPageTest.launchBrowser(DashboardPageTest.java:25)
at com.hrm.qa.testcases.DashboardPageTest.launchBrowser(DashboardPageTest.java:25)
at com.hrm.qa.testcases.DashboardPageTest.launchBrowser(DashboardPageTest.java:25)
at com.hrm.qa.testcases.DashboardPageTest.launchBrowser(DashboardPageTest.java:25)
at com.hrm.qa.testcases.DashboardPageTest.launchBrowser(DashboardPageTest.java:25)
at com.hrm.qa.testcases.DashboardPageTest.launchBrowser(DashboardPageTest.java:25)
at com.hrm.qa.testcases.DashboardPageTest.launchBrowser(DashboardPageTest.java:25)
at com.hrm.qa.testcases.DashboardPageTest.launchBrowser(DashboardPageTest.java:25)
at com.hrm.qa.testcases.DashboardPageTest.launchBrowser(DashboardPageTest.java:25)
at com.hrm.qa.testcases.DashboardPageTest.launchBrowser(DashboardPageTest.java:25)
at com.hrm.qa.testcases.DashboardPageTest.launchBrowser(DashboardPageTest.java:25)
at com.hrm.qa.testcases.DashboardPageTest.launchBrowser(DashboardPageTest.java:25)
at com.hrm.qa.testcases.DashboardPageTest.launchBrowser(DashboardPageTest.java:25)
at com.hrm.qa.testcases.DashboardPageTest.launchBrowser(DashboardPageTest.java:25)
at com.hrm.qa.testcases.DashboardPageTest.launchBrowser(DashboardPageTest.java:25)
at com.hrm.qa.testcases.DashboardPageTest.launchBrowser(DashboardPageTest.java:25)
at com.hrm.qa.testcases.DashboardPageTest.launchBrowser(DashboardPageTest.java:25)
at com.hrm.qa.testcases.DashboardPageTest.launchBrowser(DashboardPageTest.java:25)
at com.hrm.qa.testcases.DashboardPageTest.launchBrowser(DashboardPageTest.java:25)
at com.hrm.qa.testcases.DashboardPageTest.launchBrowser(DashboardPageTest.java:25)
at com.hrm.qa.testcases.DashboardPageTest.launchBrowser(DashboardPageTest.java:25)
at com.hrm.qa.testcases.DashboardPageTest.launchBrowser(DashboardPageTest.java:25)
at com.hrm.qa.testcases.DashboardPageTest.launchBrowser(DashboardPageTest.java:25)
at com.hrm.qa.testcases.DashboardPageTest.launchBrowser(DashboardPageTest.java:25)
at com.hrm.qa.testcases.DashboardPageTest.launchBrowser(DashboardPageTest.java:25)
at com.hrm.qa.testcases.DashboardPageTest.launchBrowser(DashboardPageTest.java:25)
at com.hrm.qa.testcases.DashboardPageTest.launchBrowser(DashboardPageTest.java:25)
at com.hrm.qa.testcases.DashboardPageTest.launchBrowser(DashboardPageTest.java:25)
at com.hrm.qa.testcases.DashboardPageTest.launchBrowser(DashboardPageTest.java:25)
at com.hrm.qa.testcases.DashboardPageTest.launchBrowser(DashboardPageTest.java:25)
at com.hrm.qa.testcases.DashboardPageTest.launchBrowser(DashboardPageTest.java:25)
at com.hrm.qa.testcases.DashboardPageTest.launchBrowser(DashboardPageTest.java:25)
at com.hrm.qa.testcases.DashboardPageTest.launchBrowser(DashboardPageTest.java:25)
at com.hrm.qa.testcases.DashboardPageTest.launchBrowser(DashboardPageTest.java:25)
at com.hrm.qa.testcases.DashboardPageTest.launchBrowser(DashboardPageTest.java:25)
at com.hrm.qa.testcases.DashboardPageTest.launchBrowser(DashboardPageTest.java:25)
at com.hrm.qa.testcases.DashboardPageTest.launchBrowser(DashboardPageTest.java:25)
at com.hrm.qa.testcases.DashboardPageTest.launchBrowser(DashboardPageTest.java:25)
at com.hrm.qa.testcases.DashboardPageTest.launchBrowser(DashboardPageTest.java:25)
at com.hrm.qa.testcases.DashboardPageTest.launchBrowser(DashboardPageTest.java:25)
at com.hrm.qa.testcases.DashboardPageTest.launchBrowser(DashboardPageTest.java:25)
at com.hrm.qa.testcases.DashboardPageTest.launchBrowser(DashboardPageTest.java:25)
at com.hrm.qa.testcases.DashboardPageTest.launchBrowser(DashboardPageTest.java:25)
at com.hrm.qa.testcases.DashboardPageTest.launchBrowser(DashboardPageTest.java:25)
at com.hrm.qa.testcases.DashboardPageTest.launchBrowser(DashboardPageTest.java:25)
at com.hrm.qa.testcases.DashboardPageTest.launchBrowser(DashboardPageTest.java:25)
at com.hrm.qa.testcases.DashboardPageTest.launchBrowser(DashboardPageTest.java:25)
at com.hrm.qa.testcases.DashboardPageTest.launchBrowser(DashboardPageTest.java:25)
at com.hrm.qa.testcases.DashboardPageTest.launchBrowser(DashboardPageTest.java:25)
at com.hrm.qa.testcases.DashboardPageTest.launchBrowser(DashboardPageTest.java:25)
at com.hrm.qa.testcases.DashboardPageTest.launchBrowser(DashboardPageTest.java:25)
at com.hrm.qa.testcases.DashboardPageTest.launchBrowser(DashboardPageTest.java:25)
at com.hrm.qa.testcases.DashboardPageTest.launchBrowser(DashboardPageTest.java:25)
at com.hrm.qa.testcases.DashboardPageTest.launchBrowser(DashboardPageTest.java:25)
at com.hrm.qa.testcases.DashboardPageTest.launchBrowser(DashboardPageTest.java:25)
at com.hrm.qa.testcases.DashboardPageTest.launchBrowser(DashboardPageTest.java:25)
at com.hrm.qa.testcases.DashboardPageTest.launchBrowser(DashboardPageTest.java:25)
at com.hrm.qa.testcases.DashboardPageTest.launchBrowser(DashboardPageTest.java:25)
at com.hrm.qa.testcases.DashboardPageTest.launchBrowser(DashboardPageTest.java:25)
at com.hrm.qa.testcases.DashboardPageTest.launchBrowser(DashboardPageTest.java:25)
at com.hrm.qa.testcases.DashboardPageTest.launchBrowser(DashboardPageTest.java:25)
at com.hrm.qa.testcases.DashboardPageTest.launchBrowser(DashboardPageTest.java:25)
at com.hrm.qa.testcases.DashboardPageTest.launchBrowser(DashboardPageTest.java:25)
at com.hrm.qa.testcases.DashboardPageTest.launchBrowser(DashboardPageTest.java:25)
at com.hrm.qa.testcases.DashboardPageTest.launchBrowser(DashboardPageTest.java:25)
at com.hrm.qa.testcases.DashboardPageTest.launchBrowser(DashboardPageTest.java:25)
at com.hrm.qa.testcases.DashboardPageTest.launchBrowser(DashboardPageTest.java:25)
at com.hrm.qa.testcases.DashboardPageTest.launchBrowser(DashboardPageTest.java:25)
at com.hrm.qa.testcases.DashboardPageTest.launchBrowser(DashboardPageTest.java:25)
at com.hrm.qa.testcases.DashboardPageTest.launchBrowser(DashboardPageTest.java:25)
at com.hrm.qa.testcases.DashboardPageTest.launchBrowser(DashboardPageTest.java:25)
at com.hrm.qa.testcases.DashboardPageTest.launchBrowser(DashboardPageTest.java:25)
at com.hrm.qa.testcases.DashboardPageTest.launchBrowser(DashboardPageTest.java:25)
at com.hrm.qa.testcases.DashboardPageTest.launchBrowser(DashboardPageTest.java:25)
at com.hrm.qa.testcases.DashboardPageTest.launchBrowser(DashboardPageTest.java:25)
at com.hrm.qa.testcases.DashboardPageTest.launchBrowser(DashboardPageTest.java:25)
at com.hrm.qa.testcases.DashboardPageTest.launchBrowser(DashboardPageTest.java:25)
at com.hrm.qa.testcases.DashboardPageTest.launchBrowser(DashboardPageTest.java:25)
at com.hrm.qa.testcases.DashboardPageTest.launchBrowser(DashboardPageTest.java:25)
at com.hrm.qa.testcases.DashboardPageTest.launchBrowser(DashboardPageTest.java:25)
at com.hrm.qa.testcases.DashboardPageTest.launchBrowser(DashboardPageTest.java:25)
at com.hrm.qa.testcases.DashboardPageTest.launchBrowser(DashboardPageTest.java:25)
at com.hrm.qa.testcases.DashboardPageTest.launchBrowser(DashboardPageTest.java:25)
at com.hrm.qa.testcases.DashboardPageTest.launchBrowser(DashboardPageTest.java:25)
at com.hrm.qa.testcases.DashboardPageTest.launchBrowser(DashboardPageTest.java:25)
at com.hrm.qa.testcases.DashboardPageTest.launchBrowser(DashboardPageTest.java:25)
at com.hrm.qa.testcases.DashboardPageTest.launchBrowser(DashboardPageTest.java:25)
at com.hrm.qa.testcases.DashboardPageTest.launchBrowser(DashboardPageTest.java:25)
at com.hrm.qa.testcases.DashboardPageTest.launchBrowser(DashboardPageTest.java:25)
at com.hrm.qa.testcases.DashboardPageTest.launchBrowser(DashboardPageTest.java:25)
at com.hrm.qa.testcases.DashboardPageTest.launchBrowser(DashboardPageTest.java:25)
at com.hrm.qa.testcases.DashboardPageTest.launchBrowser(DashboardPageTest.java:25)
at com.hrm.qa.testcases.DashboardPageTest.launchBrowser(DashboardPageTest.java:25)
at com.hrm.qa.testcases.DashboardPageTest.launchBrowser(DashboardPageTest.java:25)
at com.hrm.qa.testcases.DashboardPageTest.launchBrowser(DashboardPageTest.java:25)
at com.hrm.qa.testcases.DashboardPageTest.launchBrowser(DashboardPageTest.java:25)
at com.hrm.qa.testcases.DashboardPageTest.launchBrowser(DashboardPageTest.java:25)
at com.hrm.qa.testcases.DashboardPageTest.launchBrowser(DashboardPageTest.java:25)
at com.hrm.qa.testcases.DashboardPageTest.launchBrowser(DashboardPageTest.java:25)
at com.hrm.qa.testcases.DashboardPageTest.launchBrowser(DashboardPageTest.java:25)
at com.hrm.qa.testcases.DashboardPageTest.launchBrowser(DashboardPageTest.java:25)
at com.hrm.qa.testcases.DashboardPageTest.launchBrowser(DashboardPageTest.java:25)
at com.hrm.qa.testcases.DashboardPageTest.launchBrowser(DashboardPageTest.java:25)
at com.hrm.qa.testcases.DashboardPageTest.launchBrowser(DashboardPageTest.java:25)
at com.hrm.qa.testcases.DashboardPageTest.launchBrowser(DashboardPageTest.java:25)
at com.hrm.qa.testcases.DashboardPageTest.launchBrowser(DashboardPageTest.java:25)
at com.hrm.qa.testcases.DashboardPageTest.launchBrowser(DashboardPageTest.java:25)
at com.hrm.qa.testcases.DashboardPageTest.launchBrowser(DashboardPageTest.java:25)
at com.hrm.qa.testcases.DashboardPageTest.launchBrowser(DashboardPageTest.java:25)
at com.hrm.qa.testcases.DashboardPageTest.launchBrowser(DashboardPageTest.java:25)
at com.hrm.qa.testcases.DashboardPageTest.launchBrowser(DashboardPageTest.java:25)
at com.hrm.qa.testcases.DashboardPageTest.launchBrowser(DashboardPageTest.java:25)
at com.hrm.qa.testcases.DashboardPageTest.launchBrowser(DashboardPageTest.java:25)
at com.hrm.qa.testcases.DashboardPageTest.launchBrowser(DashboardPageTest.java:25)
at com.hrm.qa.testcases.DashboardPageTest.launchBrowser(DashboardPageTest.java:25)
at com.hrm.qa.testcases.DashboardPageTest.launchBrowser(DashboardPageTest.java:25)
at com.hrm.qa.testcases.DashboardPageTest.launchBrowser(DashboardPageTest.java:25)
at com.hrm.qa.testcases.DashboardPageTest.launchBrowser(DashboardPageTest.java:25)
at com.hrm.qa.testcases.DashboardPageTest.launchBrowser(DashboardPageTest.java:25)
at com.hrm.qa.testcases.DashboardPageTest.launchBrowser(DashboardPageTest.java:25)
at com.hrm.qa.testcases.DashboardPageTest.launchBrowser(DashboardPageTest.java:25)
at com.hrm.qa.testcases.DashboardPageTest.launchBrowser(DashboardPageTest.java:25)
at com.hrm.qa.testcases.DashboardPageTest.launchBrowser(DashboardPageTest.java:25)
at com.hrm.qa.testcases.DashboardPageTest.launchBrowser(DashboardPageTest.java:25)
at com.hrm.qa.testcases.DashboardPageTest.launchBrowser(DashboardPageTest.java:25)
at com.hrm.qa.testcases.DashboardPageTest.launchBrowser(DashboardPageTest.java:25)
at com.hrm.qa.testcases.DashboardPageTest.launchBrowser(DashboardPageTest.java:25)
at com.hrm.qa.testcases.DashboardPageTest.launchBrowser(DashboardPageTest.java:25)
at com.hrm.qa.testcases.DashboardPageTest.launchBrowser(DashboardPageTest.java:25)
at com.hrm.qa.testcases.DashboardPageTest.launchBrowser(DashboardPageTest.java:25)
at com.hrm.qa.testcases.DashboardPageTest.launchBrowser(DashboardPageTest.java:25)
at com.hrm.qa.testcases.DashboardPageTest.launchBrowser(DashboardPageTest.java:25)
at com.hrm.qa.testcases.DashboardPageTest.launchBrowser(DashboardPageTest.java:25)
at com.hrm.qa.testcases.DashboardPageTest.launchBrowser(DashboardPageTest.java:25)
at com.hrm.qa.testcases.DashboardPageTest.launchBrowser(DashboardPageTest.java:25)
at com.hrm.qa.testcases.DashboardPageTest.launchBrowser(DashboardPageTest.java:25)
at com.hrm.qa.testcases.DashboardPageTest.launchBrowser(DashboardPageTest.java:25)
at com.hrm.qa.testcases.DashboardPageTest.launchBrowser(DashboardPageTest.java:25)
at com.hrm.qa.testcases.DashboardPageTest.launchBrowser(DashboardPageTest.java:25)
at com.hrm.qa.testcases.DashboardPageTest.launchBrowser(DashboardPageTest.java:25)
at com.hrm.qa.testcases.DashboardPageTest.launchBrowser(DashboardPageTest.java:25)
at com.hrm.qa.testcases.DashboardPageTest.launchBrowser(DashboardPageTest.java:25)
at com.hrm.qa.testcases.DashboardPageTest.launchBrowser(DashboardPageTest.java:25)
at com.hrm.qa.testcases.DashboardPageTest.launchBrowser(DashboardPageTest.java:25)
at com.hrm.qa.testcases.DashboardPageTest.launchBrowser(DashboardPageTest.java:25)
at com.hrm.qa.testcases.DashboardPageTest.launchBrowser(DashboardPageTest.java:25)
at com.hrm.qa.testcases.DashboardPageTest.launchBrowser(DashboardPageTest.java:25)
at com.hrm.qa.testcases.DashboardPageTest.launchBrowser(DashboardPageTest.java:25)
at com.hrm.qa.testcases.DashboardPageTest.launchBrowser(DashboardPageTest.java:25)
at com.hrm.qa.testcases.DashboardPageTest.launchBrowser(DashboardPageTest.java:25)
at com.hrm.qa.testcases.DashboardPageTest.launchBrowser(DashboardPageTest.java:25)
at com.hrm.qa.testcases.DashboardPageTest.launchBrowser(DashboardPageTest.java:25)
at com.hrm.qa.testcases.DashboardPageTest.launchBrowser(DashboardPageTest.java:25)
at com.hrm.qa.testcases.DashboardPageTest.launchBrowser(DashboardPageTest.java:25)
at com.hrm.qa.testcases.DashboardPageTest.launchBrowser(DashboardPageTest.java:25)
at com.hrm.qa.testcases.DashboardPageTest.launchBrowser(DashboardPageTest.java:25)
at com.hrm.qa.testcases.DashboardPageTest.launchBrowser(DashboardPageTest.java:25)
at com.hrm.qa.testcases.DashboardPageTest.launchBrowser(DashboardPageTest.java:25)
at com.hrm.qa.testcases.DashboardPageTest.launchBrowser(DashboardPageTest.java:25)
at com.hrm.qa.testcases.DashboardPageTest.launchBrowser(DashboardPageTest.java:25)
at com.hrm.qa.testcases.DashboardPageTest.launchBrowser(DashboardPageTest.java:25)
at com.hrm.qa.testcases.DashboardPageTest.launchBrowser(DashboardPageTest.java:25)
at com.hrm.qa.testcases.DashboardPageTest.launchBrowser(DashboardPageTest.java:25)
at com.hrm.qa.testcases.DashboardPageTest.launchBrowser(DashboardPageTest.java:25)
at com.hrm.qa.testcases.DashboardPageTest.launchBrowser(DashboardPageTest.java:25)
at com.hrm.qa.testcases.DashboardPageTest.launchBrowser(DashboardPageTest.java:25)
at com.hrm.qa.testcases.DashboardPageTest.launchBrowser(DashboardPageTest.java:25)
at com.hrm.qa.testcases.DashboardPageTest.launchBrowser(DashboardPageTest.java:25)
at com.hrm.qa.testcases.DashboardPageTest.launchBrowser(DashboardPageTest.java:25)
at com.hrm.qa.testcases.DashboardPageTest.launchBrowser(DashboardPageTest.java:25)
at com.hrm.qa.testcases.DashboardPageTest.launchBrowser(DashboardPageTest.java:25)
at com.hrm.qa.testcases.DashboardPageTest.launchBrowser(DashboardPageTest.java:25)
at com.hrm.qa.testcases.DashboardPageTest.launchBrowser(DashboardPageTest.java:25)
at com.hrm.qa.testcases.DashboardPageTest.launchBrowser(DashboardPageTest.java:25)
at com.hrm.qa.testcases.DashboardPageTest.launchBrowser(DashboardPageTest.java:25)
at com.hrm.qa.testcases.DashboardPageTest.launchBrowser(DashboardPageTest.java:25)
at com.hrm.qa.testcases.DashboardPageTest.launchBrowser(DashboardPageTest.java:25)
at com.hrm.qa.testcases.DashboardPageTest.launchBrowser(DashboardPageTest.java:25)
at com.hrm.qa.testcases.DashboardPageTest.launchBrowser(DashboardPageTest.java:25)
at com.hrm.qa.testcases.DashboardPageTest.launchBrowser(DashboardPageTest.java:25)
at com.hrm.qa.testcases.DashboardPageTest.launchBrowser(DashboardPageTest.java:25)
at com.hrm.qa.testcases.DashboardPageTest.launchBrowser(DashboardPageTest.java:25)
at com.hrm.qa.testcases.DashboardPageTest.launchBrowser(DashboardPageTest.java:25)
at com.hrm.qa.testcases.DashboardPageTest.launchBrowser(DashboardPageTest.java:25)
at com.hrm.qa.testcases.DashboardPageTest.launchBrowser(DashboardPageTest.java:25)
at com.hrm.qa.testcases.DashboardPageTest.launchBrowser(DashboardPageTest.java:25)
at com.hrm.qa.testcases.DashboardPageTest.launchBrowser(DashboardPageTest.java:25)
at com.hrm.qa.testcases.DashboardPageTest.launchBrowser(DashboardPageTest.java:25)
at com.hrm.qa.testcases.DashboardPageTest.launchBrowser(DashboardPageTest.java:25)
at com.hrm.qa.testcases.DashboardPageTest.launchBrowser(DashboardPageTest.java:25)
at com.hrm.qa.testcases.DashboardPageTest.launchBrowser(DashboardPageTest.java:25)
at com.hrm.qa.testcases.DashboardPageTest.launchBrowser(DashboardPageTest.java:25)
at com.hrm.qa.testcases.DashboardPageTest.launchBrowser(DashboardPageTest.java:25)
at com.hrm.qa.testcases.DashboardPageTest.launchBrowser(DashboardPageTest.java:25)
at com.hrm.qa.testcases.DashboardPageTest.launchBrowser(DashboardPageTest.java:25)
at com.hrm.qa.testcases.DashboardPageTest.launchBrowser(DashboardPageTest.java:25)
at com.hrm.qa.testcases.DashboardPageTest.launchBrowser(DashboardPageTest.java:25)
at com.hrm.qa.testcases.DashboardPageTest.launchBrowser(DashboardPageTest.java:25)
at com.hrm.qa.testcases.DashboardPageTest.launchBrowser(DashboardPageTest.java:25)
at com.hrm.qa.testcases.DashboardPageTest.launchBrowser(DashboardPageTest.java:25)
at com.hrm.qa.testcases.DashboardPageTest.launchBrowser(DashboardPageTest.java:25)
at com.hrm.qa.testcases.DashboardPageTest.launchBrowser(DashboardPageTest.java:25)
at com.hrm.qa.testcases.DashboardPageTest.launchBrowser(DashboardPageTest.java:25)
at com.hrm.qa.testcases.DashboardPageTest.launchBrowser(DashboardPageTest.java:25)
at com.hrm.qa.testcases.DashboardPageTest.launchBrowser(DashboardPageTest.java:25)
at com.hrm.qa.testcases.DashboardPageTest.launchBrowser(DashboardPageTest.java:25)
at com.hrm.qa.testcases.DashboardPageTest.launchBrowser(DashboardPageTest.java:25)
at com.hrm.qa.testcases.DashboardPageTest.launchBrowser(DashboardPageTest.java:25)
at com.hrm.qa.testcases.DashboardPageTest.launchBrowser(DashboardPageTest.java:25)
at com.hrm.qa.testcases.DashboardPageTest.launchBrowser(DashboardPageTest.java:25)
at com.hrm.qa.testcases.DashboardPageTest.launchBrowser(DashboardPageTest.java:25)
at com.hrm.qa.testcases.DashboardPageTest.launchBrowser(DashboardPageTest.java:25)
at com.hrm.qa.testcases.DashboardPageTest.launchBrowser(DashboardPageTest.java:25)
at com.hrm.qa.testcases.DashboardPageTest.launchBrowser(DashboardPageTest.java:25)
at com.hrm.qa.testcases.DashboardPageTest.launchBrowser(DashboardPageTest.java:25)
at com.hrm.qa.testcases.DashboardPageTest.launchBrowser(DashboardPageTest.java:25)
at com.hrm.qa.testcases.DashboardPageTest.launchBrowser(DashboardPageTest.java:25)
at com.hrm.qa.testcases.DashboardPageTest.launchBrowser(DashboardPageTest.java:25)
at com.hrm.qa.testcases.DashboardPageTest.launchBrowser(DashboardPageTest.java:25)
at com.hrm.qa.testcases.DashboardPageTest.launchBrowser(DashboardPageTest.java:25)
at com.hrm.qa.testcases.DashboardPageTest.launchBrowser(DashboardPageTest.java:25)
at com.hrm.qa.testcases.DashboardPageTest.launchBrowser(DashboardPageTest.java:25)
at com.hrm.qa.testcases.DashboardPageTest.launchBrowser(DashboardPageTest.java:25)
at com.hrm.qa.testcases.DashboardPageTest.launchBrowser(DashboardPageTest.java:25)
at com.hrm.qa.testcases.DashboardPageTest.launchBrowser(DashboardPageTest.java:25)
at com.hrm.qa.testcases.DashboardPageTest.launchBrowser(DashboardPageTest.java:25)
at com.hrm.qa.testcases.DashboardPageTest.launchBrowser(DashboardPageTest.java:25)
at com.hrm.qa.testcases.DashboardPageTest.launchBrowser(DashboardPageTest.java:25)
at com.hrm.qa.testcases.DashboardPageTest.launchBrowser(DashboardPageTest.java:25)
at com.hrm.qa.testcases.DashboardPageTest.launchBrowser(DashboardPageTest.java:25)
at com.hrm.qa.testcases.DashboardPageTest.launchBrowser(DashboardPageTest.java:25)
at com.hrm.qa.testcases.DashboardPageTest.launchBrowser(DashboardPageTest.java:25)
at com.hrm.qa.testcases.DashboardPageTest.launchBrowser(DashboardPageTest.java:25)
at com.hrm.qa.testcases.DashboardPageTest.launchBrowser(DashboardPageTest.java:25)
at com.hrm.qa.testcases.DashboardPageTest.launchBrowser(DashboardPageTest.java:25)
at com.hrm.qa.testcases.DashboardPageTest.launchBrowser(DashboardPageTest.java:25)
at com.hrm.qa.testcases.DashboardPageTest.launchBrowser(DashboardPageTest.java:25)
at com.hrm.qa.testcases.DashboardPageTest.launchBrowser(DashboardPageTest.java:25)
at com.hrm.qa.testcases.DashboardPageTest.launchBrowser(DashboardPageTest.java:25)
at com.hrm.qa.testcases.DashboardPageTest.launchBrowser(DashboardPageTest.java:25)
at com.hrm.qa.testcases.DashboardPageTest.launchBrowser(DashboardPageTest.java:25)
at com.hrm.qa.testcases.DashboardPageTest.launchBrowser(DashboardPageTest.java:25)
at com.hrm.qa.testcases.DashboardPageTest.launchBrowser(DashboardPageTest.java:25)
at com.hrm.qa.testcases.DashboardPageTest.launchBrowser(DashboardPageTest.java:25)
at com.hrm.qa.testcases.DashboardPageTest.launchBrowser(DashboardPageTest.java:25)
at com.hrm.qa.testcases.DashboardPageTest.launchBrowser(DashboardPageTest.java:25)
at com.hrm.qa.testcases.DashboardPageTest.launchBrowser(DashboardPageTest.java:25)
at com.hrm.qa.testcases.DashboardPageTest.launchBrowser(DashboardPageTest.java:25)
at com.hrm.qa.testcases.DashboardPageTest.launchBrowser(DashboardPageTest.java:25)
at com.hrm.qa.testcases.DashboardPageTest.launchBrowser(DashboardPageTest.java:25)
at com.hrm.qa.testcases.DashboardPageTest.launchBrowser(DashboardPageTest.java:25)
at com.hrm.qa.testcases.DashboardPageTest.launchBrowser(DashboardPageTest.java:25)
at com.hrm.qa.testcases.DashboardPageTest.launchBrowser(DashboardPageTest.java:25)
at com.hrm.qa.testcases.DashboardPageTest.launchBrowser(DashboardPageTest.java:25)
at com.hrm.qa.testcases.DashboardPageTest.launchBrowser(DashboardPageTest.java:25)
at com.hrm.qa.testcases.DashboardPageTest.launchBrowser(DashboardPageTest.java:25)
at com.hrm.qa.testcases.DashboardPageTest.launchBrowser(DashboardPageTest.java:25)
at com.hrm.qa.testcases.DashboardPageTest.launchBrowser(DashboardPageTest.java:25)
at com.hrm.qa.testcases.DashboardPageTest.launchBrowser(DashboardPageTest.java:25)
at com.hrm.qa.testcases.DashboardPageTest.launchBrowser(DashboardPageTest.java:25)
at com.hrm.qa.testcases.DashboardPageTest.launchBrowser(DashboardPageTest.java:25)
at com.hrm.qa.testcases.DashboardPageTest.launchBrowser(DashboardPageTest.java:25)
at com.hrm.qa.testcases.DashboardPageTest.launchBrowser(DashboardPageTest.java:25)
at com.hrm.qa.testcases.DashboardPageTest.launchBrowser(DashboardPageTest.java:25)
at com.hrm.qa.testcases.DashboardPageTest.launchBrowser(DashboardPageTest.java:25)
at com.hrm.qa.testcases.DashboardPageTest.launchBrowser(DashboardPageTest.java:25)
at com.hrm.qa.testcases.DashboardPageTest.launchBrowser(DashboardPageTest.java:25)
at com.hrm.qa.testcases.DashboardPageTest.launchBrowser(DashboardPageTest.java:25)
at com.hrm.qa.testcases.DashboardPageTest.launchBrowser(DashboardPageTest.java:25)
at com.hrm.qa.testcases.DashboardPageTest.launchBrowser(DashboardPageTest.java:25)
at com.hrm.qa.testcases.DashboardPageTest.launchBrowser(DashboardPageTest.java:25)
at com.hrm.qa.testcases.DashboardPageTest.launchBrowser(DashboardPageTest.java:25)
at com.hrm.qa.testcases.DashboardPageTest.launchBrowser(DashboardPageTest.java:25)
at com.hrm.qa.testcases.DashboardPageTest.launchBrowser(DashboardPageTest.java:25)
at com.hrm.qa.testcases.DashboardPageTest.launchBrowser(DashboardPageTest.java:25)
at com.hrm.qa.testcases.DashboardPageTest.launchBrowser(DashboardPageTest.java:25)
at com.hrm.qa.testcases.DashboardPageTest.launchBrowser(DashboardPageTest.java:25)
at com.hrm.qa.testcases.DashboardPageTest.launchBrowser(DashboardPageTest.java:25)
at com.hrm.qa.testcases.DashboardPageTest.launchBrowser(DashboardPageTest.java:25)
at com.hrm.qa.testcases.DashboardPageTest.launchBrowser(DashboardPageTest.java:25)
at com.hrm.qa.testcases.DashboardPageTest.launchBrowser(DashboardPageTest.java:25)
at com.hrm.qa.testcases.DashboardPageTest.launchBrowser(DashboardPageTest.java:25)
at com.hrm.qa.testcases.DashboardPageTest.launchBrowser(DashboardPageTest.java:25)
at com.hrm.qa.testcases.DashboardPageTest.launchBrowser(DashboardPageTest.java:25)
at com.hrm.qa.testcases.DashboardPageTest.launchBrowser(DashboardPageTest.java:25)
at com.hrm.qa.testcases.DashboardPageTest.launchBrowser(DashboardPageTest.java:25)
at com.hrm.qa.testcases.DashboardPageTest.launchBrowser(DashboardPageTest.java:25)
at com.hrm.qa.testcases.DashboardPageTest.launchBrowser(DashboardPageTest.java:25)
at com.hrm.qa.testcases.DashboardPageTest.launchBrowser(DashboardPageTest.java:25)
at com.hrm.qa.testcases.DashboardPageTest.launchBrowser(DashboardPageTest.java:25)
at com.hrm.qa.testcases.DashboardPageTest.launchBrowser(DashboardPageTest.java:25)
at com.hrm.qa.testcases.DashboardPageTest.launchBrowser(DashboardPageTest.java:25)
at com.hrm.qa.testcases.DashboardPageTest.launchBrowser(DashboardPageTest.java:25)
at com.hrm.qa.testcases.DashboardPageTest.launchBrowser(DashboardPageTest.java:25)
at com.hrm.qa.testcases.DashboardPageTest.launchBrowser(DashboardPageTest.java:25)
at com.hrm.qa.testcases.DashboardPageTest.launchBrowser(DashboardPageTest.java:25)
at com.hrm.qa.testcases.DashboardPageTest.launchBrowser(DashboardPageTest.java:25)
at com.hrm.qa.testcases.DashboardPageTest.launchBrowser(DashboardPageTest.java:25)
at com.hrm.qa.testcases.DashboardPageTest.launchBrowser(DashboardPageTest.java:25)
at com.hrm.qa.testcases.DashboardPageTest.launchBrowser(DashboardPageTest.java:25)
at com.hrm.qa.testcases.DashboardPageTest.launchBrowser(DashboardPageTest.java:25)
at com.hrm.qa.testcases.DashboardPageTest.launchBrowser(DashboardPageTest.java:25)
at com.hrm.qa.testcases.DashboardPageTest.launchBrowser(DashboardPageTest.java:25)
at com.hrm.qa.testcases.DashboardPageTest.launchBrowser(DashboardPageTest.java:25)
at com.hrm.qa.testcases.DashboardPageTest.launchBrowser(DashboardPageTest.java:25)
at com.hrm.qa.testcases.DashboardPageTest.launchBrowser(DashboardPageTest.java:25)
at com.hrm.qa.testcases.DashboardPageTest.launchBrowser(DashboardPageTest.java:25)
at com.hrm.qa.testcases.DashboardPageTest.launchBrowser(DashboardPageTest.java:25)
at com.hrm.qa.testcases.DashboardPageTest.launchBrowser(DashboardPageTest.java:25)
at com.hrm.qa.testcases.DashboardPageTest.launchBrowser(DashboardPageTest.java:25)
at com.hrm.qa.testcases.DashboardPageTest.launchBrowser(DashboardPageTest.java:25)
at com.hrm.qa.testcases.DashboardPageTest.launchBrowser(DashboardPageTest.java:25)
at com.hrm.qa.testcases.DashboardPageTest.launchBrowser(DashboardPageTest.java:25)
at com.hrm.qa.testcases.DashboardPageTest.launchBrowser(DashboardPageTest.java:25)
at com.hrm.qa.testcases.DashboardPageTest.launchBrowser(DashboardPageTest.java:25)
at com.hrm.qa.testcases.DashboardPageTest.launchBrowser(DashboardPageTest.java:25)
at com.hrm.qa.testcases.DashboardPageTest.launchBrowser(DashboardPageTest.java:25)
at com.hrm.qa.testcases.DashboardPageTest.launchBrowser(DashboardPageTest.java:25)
at com.hrm.qa.testcases.DashboardPageTest.launchBrowser(DashboardPageTest.java:25)
at com.hrm.qa.testcases.DashboardPageTest.launchBrowser(DashboardPageTest.java:25)
at com.hrm.qa.testcases.DashboardPageTest.launchBrowser(DashboardPageTest.java:25)
at com.hrm.qa.testcases.DashboardPageTest.launchBrowser(DashboardPageTest.java:25)
at com.hrm.qa.testcases.DashboardPageTest.launchBrowser(DashboardPageTest.java:25)
at com.hrm.qa.testcases.DashboardPageTest.launchBrowser(DashboardPageTest.java:25)
at com.hrm.qa.testcases.DashboardPageTest.launchBrowser(DashboardPageTest.java:25)
at com.hrm.qa.testcases.DashboardPageTest.launchBrowser(DashboardPageTest.java:25)
at com.hrm.qa.testcases.DashboardPageTest.launchBrowser(DashboardPageTest.java:25)
at com.hrm.qa.testcases.DashboardPageTest.launchBrowser(DashboardPageTest.java:25)
at com.hrm.qa.testcases.DashboardPageTest.launchBrowser(DashboardPageTest.java:25)
at com.hrm.qa.testcases.DashboardPageTest.launchBrowser(DashboardPageTest.java:25)
at com.hrm.qa.testcases.DashboardPageTest.launchBrowser(DashboardPageTest.java:25)
at com.hrm.qa.testcases.DashboardPageTest.launchBrowser(DashboardPageTest.java:25)
at com.hrm.qa.testcases.DashboardPageTest.launchBrowser(DashboardPageTest.java:25)
at com.hrm.qa.testcases.DashboardPageTest.launchBrowser(DashboardPageTest.java:25)
at com.hrm.qa.testcases.DashboardPageTest.launchBrowser(DashboardPageTest.java:25)
at com.hrm.qa.testcases.DashboardPageTest.launchBrowser(DashboardPageTest.java:25)
at com.hrm.qa.testcases.DashboardPageTest.launchBrowser(DashboardPageTest.java:25)
at com.hrm.qa.testcases.DashboardPageTest.launchBrowser(DashboardPageTest.java:25)
at com.hrm.qa.testcases.DashboardPageTest.launchBrowser(DashboardPageTest.java:25)
at com.hrm.qa.testcases.DashboardPageTest.launchBrowser(DashboardPageTest.java:25)
at com.hrm.qa.testcases.DashboardPageTest.launchBrowser(DashboardPageTest.java:25)
at com.hrm.qa.testcases.DashboardPageTest.launchBrowser(DashboardPageTest.java:25)
at com.hrm.qa.testcases.DashboardPageTest.launchBrowser(DashboardPageTest.java:25)
at com.hrm.qa.testcases.DashboardPageTest.launchBrowser(DashboardPageTest.java:25)
at com.hrm.qa.testcases.DashboardPageTest.launchBrowser(DashboardPageTest.java:25)
at com.hrm.qa.testcases.DashboardPageTest.launchBrowser(DashboardPageTest.java:25)
at com.hrm.qa.testcases.DashboardPageTest.launchBrowser(DashboardPageTest.java:25)
at com.hrm.qa.testcases.DashboardPageTest.launchBrowser(DashboardPageTest.java:25)
at com.hrm.qa.testcases.DashboardPageTest.launchBrowser(DashboardPageTest.java:25)
at com.hrm.qa.testcases.DashboardPageTest.launchBrowser(DashboardPageTest.java:25)
at com.hrm.qa.testcases.DashboardPageTest.launchBrowser(DashboardPageTest.java:25)
at com.hrm.qa.testcases.DashboardPageTest.launchBrowser(DashboardPageTest.java:25)
at com.hrm.qa.testcases.DashboardPageTest.launchBrowser(DashboardPageTest.java:25)
at com.hrm.qa.testcases.DashboardPageTest.launchBrowser(DashboardPageTest.java:25)
at com.hrm.qa.testcases.DashboardPageTest.launchBrowser(DashboardPageTest.java:25)
at com.hrm.qa.testcases.DashboardPageTest.launchBrowser(DashboardPageTest.java:25)
at com.hrm.qa.testcases.DashboardPageTest.launchBrowser(DashboardPageTest.java:25)
at com.hrm.qa.testcases.DashboardPageTest.launchBrowser(DashboardPageTest.java:25)
at com.hrm.qa.testcases.DashboardPageTest.launchBrowser(DashboardPageTest.java:25)
at com.hrm.qa.testcases.DashboardPageTest.launchBrowser(DashboardPageTest.java:25)
at com.hrm.qa.testcases.DashboardPageTest.launchBrowser(DashboardPageTest.java:25)
at com.hrm.qa.testcases.DashboardPageTest.launchBrowser(DashboardPageTest.java:25)
at com.hrm.qa.testcases.DashboardPageTest.launchBrowser(DashboardPageTest.java:25)
at com.hrm.qa.testcases.DashboardPageTest.launchBrowser(DashboardPageTest.java:25)
at com.hrm.qa.testcases.DashboardPageTest.launchBrowser(DashboardPageTest.java:25)
at com.hrm.qa.testcases.DashboardPageTest.launchBrowser(DashboardPageTest.java:25)
at com.hrm.qa.testcases.DashboardPageTest.launchBrowser(DashboardPageTest.java:25)
at com.hrm.qa.testcases.DashboardPageTest.launchBrowser(DashboardPageTest.java:25)
at com.hrm.qa.testcases.DashboardPageTest.launchBrowser(DashboardPageTest.java:25)
at com.hrm.qa.testcases.DashboardPageTest.launchBrowser(DashboardPageTest.java:25)
at com.hrm.qa.testcases.DashboardPageTest.launchBrowser(DashboardPageTest.java:25)
at com.hrm.qa.testcases.DashboardPageTest.launchBrowser(DashboardPageTest.java:25)
at com.hrm.qa.testcases.DashboardPageTest.launchBrowser(DashboardPageTest.java:25)
at com.hrm.qa.testcases.DashboardPageTest.launchBrowser(DashboardPageTest.java:25)
at com.hrm.qa.testcases.DashboardPageTest.launchBrowser(DashboardPageTest.java:25)
at com.hrm.qa.testcases.DashboardPageTest.launchBrowser(DashboardPageTest.java:25)
at com.hrm.qa.testcases.DashboardPageTest.launchBrowser(DashboardPageTest.java:25)
at com.hrm.qa.testcases.DashboardPageTest.launchBrowser(DashboardPageTest.java:25)
at com.hrm.qa.testcases.DashboardPageTest.launchBrowser(DashboardPageTest.java:25)
at com.hrm.qa.testcases.DashboardPageTest.launchBrowser(DashboardPageTest.java:25)
at com.hrm.qa.testcases.DashboardPageTest.launchBrowser(DashboardPageTest.java:25)
at com.hrm.qa.testcases.DashboardPageTest.launchBrowser(DashboardPageTest.java:25)
at com.hrm.qa.testcases.DashboardPageTest.launchBrowser(DashboardPageTest.java:25)
at com.hrm.qa.testcases.DashboardPageTest.launchBrowser(DashboardPageTest.java:25)
at com.hrm.qa.testcases.DashboardPageTest.launchBrowser(DashboardPageTest.java:25)
at com.hrm.qa.testcases.DashboardPageTest.launchBrowser(DashboardPageTest.java:25)
at com.hrm.qa.testcases.DashboardPageTest.launchBrowser(DashboardPageTest.java:25)
at com.hrm.qa.testcases.DashboardPageTest.launchBrowser(DashboardPageTest.java:25)
at com.hrm.qa.testcases.DashboardPageTest.launchBrowser(DashboardPageTest.java:25)
at com.hrm.qa.testcases.DashboardPageTest.launchBrowser(DashboardPageTest.java:25)
at com.hrm.qa.testcases.DashboardPageTest.launchBrowser(DashboardPageTest.java:25)
at com.hrm.qa.testcases.DashboardPageTest.launchBrowser(DashboardPageTest.java:25)
at com.hrm.qa.testcases.DashboardPageTest.launchBrowser(DashboardPageTest.java:25)
at com.hrm.qa.testcases.DashboardPageTest.launchBrowser(DashboardPageTest.java:25)
at com.hrm.qa.testcases.DashboardPageTest.launchBrowser(DashboardPageTest.java:25)
at com.hrm.qa.testcases.DashboardPageTest.launchBrowser(DashboardPageTest.java:25)
at com.hrm.qa.testcases.DashboardPageTest.launchBrowser(DashboardPageTest.java:25)
at com.hrm.qa.testcases.DashboardPageTest.launchBrowser(DashboardPageTest.java:25)
at com.hrm.qa.testcases.DashboardPageTest.launchBrowser(DashboardPageTest.java:25)
at com.hrm.qa.testcases.DashboardPageTest.launchBrowser(DashboardPageTest.java:25)
at com.hrm.qa.testcases.DashboardPageTest.launchBrowser(DashboardPageTest.java:25)
at com.hrm.qa.testcases.DashboardPageTest.launchBrowser(DashboardPageTest.java:25)
at com.hrm.qa.testcases.DashboardPageTest.launchBrowser(DashboardPageTest.java:25)
at com.hrm.qa.testcases.DashboardPageTest.launchBrowser(DashboardPageTest.java:25)
at com.hrm.qa.testcases.DashboardPageTest.launchBrowser(DashboardPageTest.java:25)
at com.hrm.qa.testcases.DashboardPageTest.launchBrowser(DashboardPageTest.java:25)
at com.hrm.qa.testcases.DashboardPageTest.launchBrowser(DashboardPageTest.java:25)
at com.hrm.qa.testcases.DashboardPageTest.launchBrowser(DashboardPageTest.java:25)
at com.hrm.qa.testcases.DashboardPageTest.launchBrowser(DashboardPageTest.java:25)
at com.hrm.qa.testcases.DashboardPageTest.launchBrowser(DashboardPageTest.java:25)
at com.hrm.qa.testcases.DashboardPageTest.launchBrowser(DashboardPageTest.java:25)
at com.hrm.qa.testcases.DashboardPageTest.launchBrowser(DashboardPageTest.java:25)
at com.hrm.qa.testcases.DashboardPageTest.launchBrowser(DashboardPageTest.java:25)
at com.hrm.qa.testcases.DashboardPageTest.launchBrowser(DashboardPageTest.java:25)
at com.hrm.qa.testcases.DashboardPageTest.launchBrowser(DashboardPageTest.java:25)
at com.hrm.qa.testcases.DashboardPageTest.launchBrowser(DashboardPageTest.java:25)
at com.hrm.qa.testcases.DashboardPageTest.launchBrowser(DashboardPageTest.java:25)
at com.hrm.qa.testcases.DashboardPageTest.launchBrowser(DashboardPageTest.java:25)
at com.hrm.qa.testcases.DashboardPageTest.launchBrowser(DashboardPageTest.java:25)
at com.hrm.qa.testcases.DashboardPageTest.launchBrowser(DashboardPageTest.java:25)
at com.hrm.qa.testcases.DashboardPageTest.launchBrowser(DashboardPageTest.java:25)
at com.hrm.qa.testcases.DashboardPageTest.launchBrowser(DashboardPageTest.java:25)
at com.hrm.qa.testcases.DashboardPageTest.launchBrowser(DashboardPageTest.java:25)
at com.hrm.qa.testcases.DashboardPageTest.launchBrowser(DashboardPageTest.java:25)
at com.hrm.qa.testcases.DashboardPageTest.launchBrowser(DashboardPageTest.java:25)
at com.hrm.qa.testcases.DashboardPageTest.launchBrowser(DashboardPageTest.java:25)
at com.hrm.qa.testcases.DashboardPageTest.launchBrowser(DashboardPageTest.java:25)
at com.hrm.qa.testcases.DashboardPageTest.launchBrowser(DashboardPageTest.java:25)
at com.hrm.qa.testcases.DashboardPageTest.launchBrowser(DashboardPageTest.java:25)
at com.hrm.qa.testcases.DashboardPageTest.launchBrowser(DashboardPageTest.java:25)
at com.hrm.qa.testcases.DashboardPageTest.launchBrowser(DashboardPageTest.java:25)
at com.hrm.qa.testcases.DashboardPageTest.launchBrowser(DashboardPageTest.java:25)
at com.hrm.qa.testcases.DashboardPageTest.launchBrowser(DashboardPageTest.java:25)
at com.hrm.qa.testcases.DashboardPageTest.launchBrowser(DashboardPageTest.java:25)
at com.hrm.qa.testcases.DashboardPageTest.launchBrowser(DashboardPageTest.java:25)
at com.hrm.qa.testcases.DashboardPageTest.launchBrowser(DashboardPageTest.java:25)
at com.hrm.qa.testcases.DashboardPageTest.launchBrowser(DashboardPageTest.java:25)
at com.hrm.qa.testcases.DashboardPageTest.launchBrowser(DashboardPageTest.java:25)
at com.hrm.qa.testcases.DashboardPageTest.launchBrowser(DashboardPageTest.java:25)
at com.hrm.qa.testcases.DashboardPageTest.launchBrowser(DashboardPageTest.java:25)
at com.hrm.qa.testcases.DashboardPageTest.launchBrowser(DashboardPageTest.java:25)
at com.hrm.qa.testcases.DashboardPageTest.launchBrowser(DashboardPageTest.java:25)
at com.hrm.qa.testcases.DashboardPageTest.launchBrowser(DashboardPageTest.java:25)
at com.hrm.qa.testcases.DashboardPageTest.launchBrowser(DashboardPageTest.java:25)
at com.hrm.qa.testcases.DashboardPageTest.launchBrowser(DashboardPageTest.java:25)
at com.hrm.qa.testcases.DashboardPageTest.launchBrowser(DashboardPageTest.java:25)
at com.hrm.qa.testcases.DashboardPageTest.launchBrowser(DashboardPageTest.java:25)
at com.hrm.qa.testcases.DashboardPageTest.launchBrowser(DashboardPageTest.java:25)
at com.hrm.qa.testcases.DashboardPageTest.launchBrowser(DashboardPageTest.java:25)
at com.hrm.qa.testcases.DashboardPageTest.launchBrowser(DashboardPageTest.java:25)
at com.hrm.qa.testcases.DashboardPageTest.launchBrowser(DashboardPageTest.java:25)
at com.hrm.qa.testcases.DashboardPageTest.launchBrowser(DashboardPageTest.java:25)
at com.hrm.qa.testcases.DashboardPageTest.launchBrowser(DashboardPageTest.java:25)
at com.hrm.qa.testcases.DashboardPageTest.launchBrowser(DashboardPageTest.java:25)
at com.hrm.qa.testcases.DashboardPageTest.launchBrowser(DashboardPageTest.java:25)
at com.hrm.qa.testcases.DashboardPageTest.launchBrowser(DashboardPageTest.java:25)
at com.hrm.qa.testcases.DashboardPageTest.launchBrowser(DashboardPageTest.java:25)
at com.hrm.qa.testcases.DashboardPageTest.launchBrowser(DashboardPageTest.java:25)
at com.hrm.qa.testcases.DashboardPageTest.launchBrowser(DashboardPageTest.java:25)
at com.hrm.qa.testcases.DashboardPageTest.launchBrowser(DashboardPageTest.java:25)
at com.hrm.qa.testcases.DashboardPageTest.launchBrowser(DashboardPageTest.java:25)
at com.hrm.qa.testcases.DashboardPageTest.launchBrowser(DashboardPageTest.java:25)
at com.hrm.qa.testcases.DashboardPageTest.launchBrowser(DashboardPageTest.java:25)
at com.hrm.qa.testcases.DashboardPageTest.launchBrowser(DashboardPageTest.java:25)
at com.hrm.qa.testcases.DashboardPageTest.launchBrowser(DashboardPageTest.java:25)
at com.hrm.qa.testcases.DashboardPageTest.launchBrowser(DashboardPageTest.java:25)
at com.hrm.qa.testcases.DashboardPageTest.launchBrowser(DashboardPageTest.java:25)
at com.hrm.qa.testcases.DashboardPageTest.launchBrowser(DashboardPageTest.java:25)
at com.hrm.qa.testcases.DashboardPageTest.launchBrowser(DashboardPageTest.java:25)
at com.hrm.qa.testcases.DashboardPageTest.launchBrowser(DashboardPageTest.java:25)
at com.hrm.qa.testcases.DashboardPageTest.launchBrowser(DashboardPageTest.java:25)
at com.hrm.qa.testcases.DashboardPageTest.launchBrowser(DashboardPageTest.java:25)
at com.hrm.qa.testcases.DashboardPageTest.launchBrowser(DashboardPageTest.java:25)
at com.hrm.qa.testcases.DashboardPageTest.launchBrowser(DashboardPageTest.java:25)
at com.hrm.qa.testcases.DashboardPageTest.launchBrowser(DashboardPageTest.java:25)
at com.hrm.qa.testcases.DashboardPageTest.launchBrowser(DashboardPageTest.java:25)
at com.hrm.qa.testcases.DashboardPageTest.launchBrowser(DashboardPageTest.java:25)
at com.hrm.qa.testcases.DashboardPageTest.launchBrowser(DashboardPageTest.java:25)
at com.hrm.qa.testcases.DashboardPageTest.launchBrowser(DashboardPageTest.java:25)
at com.hrm.qa.testcases.DashboardPageTest.launchBrowser(DashboardPageTest.java:25)
at com.hrm.qa.testcases.DashboardPageTest.launchBrowser(DashboardPageTest.java:25)
at com.hrm.qa.testcases.DashboardPageTest.launchBrowser(DashboardPageTest.java:25)
at com.hrm.qa.testcases.DashboardPageTest.launchBrowser(DashboardPageTest.java:25)
at com.hrm.qa.testcases.DashboardPageTest.launchBrowser(DashboardPageTest.java:25)
at com.hrm.qa.testcases.DashboardPageTest.launchBrowser(DashboardPageTest.java:25)
at com.hrm.qa.testcases.DashboardPageTest.launchBrowser(DashboardPageTest.java:25)
at com.hrm.qa.testcases.DashboardPageTest.launchBrowser(DashboardPageTest.java:25)
at com.hrm.qa.testcases.DashboardPageTest.launchBrowser(DashboardPageTest.java:25)
at com.hrm.qa.testcases.DashboardPageTest.launchBrowser(DashboardPageTest.java:25)
at com.hrm.qa.testcases.DashboardPageTest.launchBrowser(DashboardPageTest.java:25)
at com.hrm.qa.testcases.DashboardPageTest.launchBrowser(DashboardPageTest.java:25)
at com.hrm.qa.testcases.DashboardPageTest.launchBrowser(DashboardPageTest.java:25)
at com.hrm.qa.testcases.DashboardPageTest.launchBrowser(DashboardPageTest.java:25)
at com.hrm.qa.testcases.DashboardPageTest.launchBrowser(DashboardPageTest.java:25)
at com.hrm.qa.testcases.DashboardPageTest.launchBrowser(DashboardPageTest.java:25)
at com.hrm.qa.testcases.DashboardPageTest.launchBrowser(DashboardPageTest.java:25)
at com.hrm.qa.testcases.DashboardPageTest.launchBrowser(DashboardPageTest.java:25)
at com.hrm.qa.testcases.DashboardPageTest.launchBrowser(DashboardPageTest.java:25)
at com.hrm.qa.testcases.DashboardPageTest.launchBrowser(DashboardPageTest.java:25)
at com.hrm.qa.testcases.DashboardPageTest.launchBrowser(DashboardPageTest.java:25)
at com.hrm.qa.testcases.DashboardPageTest.launchBrowser(DashboardPageTest.java:25)
at com.hrm.qa.testcases.DashboardPageTest.launchBrowser(DashboardPageTest.java:25)
at com.hrm.qa.testcases.DashboardPageTest.launchBrowser(DashboardPageTest.java:25)
at com.hrm.qa.testcases.DashboardPageTest.launchBrowser(DashboardPageTest.java:25)
at com.hrm.qa.testcases.DashboardPageTest.launchBrowser(DashboardPageTest.java:25)
at com.hrm.qa.testcases.DashboardPageTest.launchBrowser(DashboardPageTest.java:25)
at com.hrm.qa.testcases.DashboardPageTest.launchBrowser(DashboardPageTest.java:25)
at com.hrm.qa.testcases.DashboardPageTest.launchBrowser(DashboardPageTest.java:25)
at com.hrm.qa.testcases.DashboardPageTest.launchBrowser(DashboardPageTest.java:25)
at com.hrm.qa.testcases.DashboardPageTest.launchBrowser(DashboardPageTest.java:25)
at com.hrm.qa.testcases.DashboardPageTest.launchBrowser(DashboardPageTest.java:25)
at com.hrm.qa.testcases.DashboardPageTest.launchBrowser(DashboardPageTest.java:25)
at com.hrm.qa.testcases.DashboardPageTest.launchBrowser(DashboardPageTest.java:25)
at com.hrm.qa.testcases.DashboardPageTest.launchBrowser(DashboardPageTest.java:25)
at com.hrm.qa.testcases.DashboardPageTest.launchBrowser(DashboardPageTest.java:25)
at com.hrm.qa.testcases.DashboardPageTest.launchBrowser(DashboardPageTest.java:25)
at com.hrm.qa.testcases.DashboardPageTest.launchBrowser(DashboardPageTest.java:25)
at com.hrm.qa.testcases.DashboardPageTest.launchBrowser(DashboardPageTest.java:25)
at com.hrm.qa.testcases.DashboardPageTest.launchBrowser(DashboardPageTest.java:25)
at com.hrm.qa.testcases.DashboardPageTest.launchBrowser(DashboardPageTest.java:25)
at com.hrm.qa.testcases.DashboardPageTest.launchBrowser(DashboardPageTest.java:25)
at com.hrm.qa.testcases.DashboardPageTest.launchBrowser(DashboardPageTest.java:25)
at com.hrm.qa.testcases.DashboardPageTest.launchBrowser(DashboardPageTest.java:25)
at com.hrm.qa.testcases.DashboardPageTest.launchBrowser(DashboardPageTest.java:25)
at com.hrm.qa.testcases.DashboardPageTest.launchBrowser(DashboardPageTest.java:25)
at com.hrm.qa.testcases.DashboardPageTest.launchBrowser(DashboardPageTest.java:25)
at com.hrm.qa.testcases.DashboardPageTest.launchBrowser(DashboardPageTest.java:25)
at com.hrm.qa.testcases.DashboardPageTest.launchBrowser(DashboardPageTest.java:25)
at com.hrm.qa.testcases.DashboardPageTest.launchBrowser(DashboardPageTest.java:25)
at com.hrm.qa.testcases.DashboardPageTest.launchBrowser(DashboardPageTest.java:25)
at com.hrm.qa.testcases.DashboardPageTest.launchBrowser(DashboardPageTest.java:25)
at com.hrm.qa.testcases.DashboardPageTest.launchBrowser(DashboardPageTest.java:25)
at com.hrm.qa.testcases.DashboardPageTest.launchBrowser(DashboardPageTest.java:25)
at com.hrm.qa.testcases.DashboardPageTest.launchBrowser(DashboardPageTest.java:25)
at com.hrm.qa.testcases.DashboardPageTest.launchBrowser(DashboardPageTest.java:25)
at com.hrm.qa.testcases.DashboardPageTest.launchBrowser(DashboardPageTest.java:25)
at com.hrm.qa.testcases.DashboardPageTest.launchBrowser(DashboardPageTest.java:25)
at com.hrm.qa.testcases.DashboardPageTest.launchBrowser(DashboardPageTest.java:25)
at com.hrm.qa.testcases.DashboardPageTest.launchBrowser(DashboardPageTest.java:25)
at com.hrm.qa.testcases.DashboardPageTest.launchBrowser(DashboardPageTest.java:25)
at com.hrm.qa.testcases.DashboardPageTest.launchBrowser(DashboardPageTest.java:25)
at com.hrm.qa.testcases.DashboardPageTest.launchBrowser(DashboardPageTest.java:25)
at com.hrm.qa.testcases.DashboardPageTest.launchBrowser(DashboardPageTest.java:25)
at com.hrm.qa.testcases.DashboardPageTest.launchBrowser(DashboardPageTest.java:25)
at com.hrm.qa.testcases.DashboardPageTest.launchBrowser(DashboardPageTest.java:25)
at com.hrm.qa.testcases.DashboardPageTest.launchBrowser(DashboardPageTest.java:25)
at com.hrm.qa.testcases.DashboardPageTest.launchBrowser(DashboardPageTest.java:25)
at com.hrm.qa.testcases.DashboardPageTest.launchBrowser(DashboardPageTest.java:25)
at com.hrm.qa.testcases.DashboardPageTest.launchBrowser(DashboardPageTest.java:25)
at com.hrm.qa.testcases.DashboardPageTest.launchBrowser(DashboardPageTest.java:25)
at com.hrm.qa.testcases.DashboardPageTest.launchBrowser(DashboardPageTest.java:25)
at com.hrm.qa.testcases.DashboardPageTest.launchBrowser(DashboardPageTest.java:25)
at com.hrm.qa.testcases.DashboardPageTest.launchBrowser(DashboardPageTest.java:25)
at com.hrm.qa.testcases.DashboardPageTest.launchBrowser(DashboardPageTest.java:25)
at com.hrm.qa.testcases.DashboardPageTest.launchBrowser(DashboardPageTest.java:25)
at com.hrm.qa.testcases.DashboardPageTest.launchBrowser(DashboardPageTest.java:25)
at com.hrm.qa.testcases.DashboardPageTest.launchBrowser(DashboardPageTest.java:25)
at com.hrm.qa.testcases.DashboardPageTest.launchBrowser(DashboardPageTest.java:25)
at com.hrm.qa.testcases.DashboardPageTest.launchBrowser(DashboardPageTest.java:25)
at com.hrm.qa.testcases.DashboardPageTest.launchBrowser(DashboardPageTest.java:25)
at com.hrm.qa.testcases.DashboardPageTest.launchBrowser(DashboardPageTest.java:25)
at com.hrm.qa.testcases.DashboardPageTest.launchBrowser(DashboardPageTest.java:25)
at com.hrm.qa.testcases.DashboardPageTest.launchBrowser(DashboardPageTest.java:25)
at com.hrm.qa.testcases.DashboardPageTest.launchBrowser(DashboardPageTest.java:25)
at com.hrm.qa.testcases.DashboardPageTest.launchBrowser(DashboardPageTest.java:25)
at com.hrm.qa.testcases.DashboardPageTest.launchBrowser(DashboardPageTest.java:25)
at com.hrm.qa.testcases.DashboardPageTest.launchBrowser(DashboardPageTest.java:25)
at com.hrm.qa.testcases.DashboardPageTest.launchBrowser(DashboardPageTest.java:25)
at com.hrm.qa.testcases.DashboardPageTest.launchBrowser(DashboardPageTest.java:25)
at com.hrm.qa.testcases.DashboardPageTest.launchBrowser(DashboardPageTest.java:25)
at com.hrm.qa.testcases.DashboardPageTest.launchBrowser(DashboardPageTest.java:25)
at com.hrm.qa.testcases.DashboardPageTest.launchBrowser(DashboardPageTest.java:25)
at com.hrm.qa.testcases.DashboardPageTest.launchBrowser(DashboardPageTest.java:25)
at com.hrm.qa.testcases.DashboardPageTest.launchBrowser(DashboardPageTest.java:25)
at com.hrm.qa.testcases.DashboardPageTest.launchBrowser(DashboardPageTest.java:25)
at com.hrm.qa.testcases.DashboardPageTest.launchBrowser(DashboardPageTest.java:25)
at com.hrm.qa.testcases.DashboardPageTest.launchBrowser(DashboardPageTest.java:25)
at com.hrm.qa.testcases.DashboardPageTest.launchBrowser(DashboardPageTest.java:25)
at com.hrm.qa.testcases.DashboardPageTest.launchBrowser(DashboardPageTest.java:25)
at com.hrm.qa.testcases.DashboardPageTest.launchBrowser(DashboardPageTest.java:25)
at com.hrm.qa.testcases.DashboardPageTest.launchBrowser(DashboardPageTest.java:25)
at com.hrm.qa.testcases.DashboardPageTest.launchBrowser(DashboardPageTest.java:25)
at com.hrm.qa.testcases.DashboardPageTest.launchBrowser(DashboardPageTest.java:25)
at com.hrm.qa.testcases.DashboardPageTest.launchBrowser(DashboardPageTest.java:25)
at com.hrm.qa.testcases.DashboardPageTest.launchBrowser(DashboardPageTest.java:25)
at com.hrm.qa.testcases.DashboardPageTest.launchBrowser(DashboardPageTest.java:25)
at com.hrm.qa.testcases.DashboardPageTest.launchBrowser(DashboardPageTest.java:25)
at com.hrm.qa.testcases.DashboardPageTest.launchBrowser(DashboardPageTest.java:25)
at com.hrm.qa.testcases.DashboardPageTest.launchBrowser(DashboardPageTest.java:25)
at com.hrm.qa.testcases.DashboardPageTest.launchBrowser(DashboardPageTest.java:25)
at com.hrm.qa.testcases.DashboardPageTest.launchBrowser(DashboardPageTest.java:25)
at com.hrm.qa.testcases.DashboardPageTest.launchBrowser(DashboardPageTest.java:25)
at com.hrm.qa.testcases.DashboardPageTest.launchBrowser(DashboardPageTest.java:25)
at com.hrm.qa.testcases.DashboardPageTest.launchBrowser(DashboardPageTest.java:25)
at com.hrm.qa.testcases.DashboardPageTest.launchBrowser(DashboardPageTest.java:25)
at com.hrm.qa.testcases.DashboardPageTest.launchBrowser(DashboardPageTest.java:25)
at com.hrm.qa.testcases.DashboardPageTest.launchBrowser(DashboardPageTest.java:25)
at com.hrm.qa.testcases.DashboardPageTest.launchBrowser(DashboardPageTest.java:25)
at com.hrm.qa.testcases.DashboardPageTest.launchBrowser(DashboardPageTest.java:25)
at com.hrm.qa.testcases.DashboardPageTest.launchBrowser(DashboardPageTest.java:25)
at com.hrm.qa.testcases.DashboardPageTest.launchBrowser(DashboardPageTest.java:25)
at com.hrm.qa.testcases.DashboardPageTest.launchBrowser(DashboardPageTest.java:25)
at com.hrm.qa.testcases.DashboardPageTest.launchBrowser(DashboardPageTest.java:25)
at com.hrm.qa.testcases.DashboardPageTest.launchBrowser(DashboardPageTest.java:25)
at com.hrm.qa.testcases.DashboardPageTest.launchBrowser(DashboardPageTest.java:25)
at com.hrm.qa.testcases.DashboardPageTest.launchBrowser(DashboardPageTest.java:25)
at com.hrm.qa.testcases.DashboardPageTest.launchBrowser(DashboardPageTest.java:25)
at com.hrm.qa.testcases.DashboardPageTest.launchBrowser(DashboardPageTest.java:25)
at com.hrm.qa.testcases.DashboardPageTest.launchBrowser(DashboardPageTest.java:25)
at com.hrm.qa.testcases.DashboardPageTest.launchBrowser(DashboardPageTest.java:25)
at com.hrm.qa.testcases.DashboardPageTest.launchBrowser(DashboardPageTest.java:25)
at com.hrm.qa.testcases.DashboardPageTest.launchBrowser(DashboardPageTest.java:25)
at com.hrm.qa.testcases.DashboardPageTest.launchBrowser(DashboardPageTest.java:25)
]]>
    </error>
  </testcase> <!-- setUp -->
  <system-out/>
  <testcase name="validateUser" time="0.000" classname="com.hrm.qa.testcases.DashboardPageTest">
    <skipped/>
  </testcase> <!-- validateUser -->
  <system-out/>
  <testcase name="verifyAssignLeaveIconPage" time="0.000" classname="com.hrm.qa.testcases.DashboardPageTest">
    <skipped/>
  </testcase> <!-- verifyAssignLeaveIconPage -->
  <system-out/>
  <testcase name="verifyLeaveListIconPage" time="0.000" classname="com.hrm.qa.testcases.DashboardPageTest">
    <skipped/>
  </testcase> <!-- verifyLeaveListIconPage -->
  <system-out/>
  <testcase name="verifyEmpListPage" time="0.000" classname="com.hrm.qa.testcases.DashboardPageTest">
    <skipped/>
  </testcase> <!-- verifyEmpListPage -->
  <system-out/>
  <testcase name="verifyUsersPage" time="0.000" classname="com.hrm.qa.testcases.DashboardPageTest">
    <skipped/>
  </testcase> <!-- verifyUsersPage -->
  <system-out/>
  <testcase name="verifyLeaveListPage" time="0.000" classname="com.hrm.qa.testcases.DashboardPageTest">
    <skipped/>
  </testcase> <!-- verifyLeaveListPage -->
  <system-out/>
  <testcase name="verifyHolidaysPage" time="0.000" classname="com.hrm.qa.testcases.DashboardPageTest">
    <skipped/>
  </testcase> <!-- verifyHolidaysPage -->
  <system-out/>
</testsuite> <!-- com.hrm.qa.testcases.DashboardPageTest -->
